{"numTotalTestSuites":373,"numPassedTestSuites":369,"numFailedTestSuites":4,"numPendingTestSuites":0,"numTotalTests":1337,"numPassedTests":1315,"numFailedTests":16,"numPendingTests":6,"numTodoTests":0,"snapshot":{"added":0,"failure":false,"filesAdded":0,"filesRemoved":0,"filesRemovedList":[],"filesUnmatched":0,"filesUpdated":0,"matched":0,"total":0,"unchecked":0,"uncheckedKeysByFile":[],"unmatched":0,"updated":0,"didUpdate":false},"startTime":1777125188218,"success":false,"testResults":[{"assertionResults":[{"ancestorTitles":["Backup Restore Logic (File System)"],"fullName":"Backup Restore Logic (File System) should successfully swap database files when pending exists","status":"passed","title":"should successfully swap database files when pending exists","duration":11.079000000000008,"failureMessages":[],"meta":{}},{"ancestorTitles":["Backup Restore Logic (File System)"],"fullName":"Backup Restore Logic (File System) should do nothing if pending file does not exist","status":"passed","title":"should do nothing if pending file does not exist","duration":1.924599999999998,"failureMessages":[],"meta":{}}],"startTime":1777125196251,"endTime":1777125196264.9246,"status":"passed","message":"","name":"D:/Development/Rheolab/tests/backup-restore.test.ts"},{"assertionResults":[{"ancestorTitles":["inlineStyles Performance"],"fullName":"inlineStyles Performance should handle large DOM trees with caching","status":"passed","title":"should handle large DOM trees with caching","duration":13.645799999999952,"failureMessages":[],"meta":{}}],"startTime":1777125196165,"endTime":1777125196178.6458,"status":"passed","message":"","name":"D:/Development/Rheolab/tests/chart_export_perf.test.ts"},{"assertionResults":[{"ancestorTitles":["downsampleRheoPointsSmart"],"fullName":"downsampleRheoPointsSmart should return all data if below threshold","status":"passed","title":"should return all data if below threshold","duration":2.749300000000005,"failureMessages":[],"meta":{}},{"ancestorTitles":["downsampleRheoPointsSmart"],"fullName":"downsampleRheoPointsSmart should preserve ALL ramp points (shear_rate transitions)","status":"passed","title":"should preserve ALL ramp points (shear_rate transitions)","duration":3.1467999999999847,"failureMessages":[],"meta":{}},{"ancestorTitles":["downsampleRheoPointsSmart"],"fullName":"downsampleRheoPointsSmart should reduce total point count significantly","status":"passed","title":"should reduce total point count significantly","duration":0.9191000000000145,"failureMessages":[],"meta":{}},{"ancestorTitles":["downsampleRheoPointsSmart"],"fullName":"downsampleRheoPointsSmart should preserve step-change pattern in shear_rate","status":"passed","title":"should preserve step-change pattern in shear_rate","duration":1.0249999999999773,"failureMessages":[],"meta":{}},{"ancestorTitles":["downsampleRheoPointsSmart"],"fullName":"downsampleRheoPointsSmart should also work with shear_rate_s1 field name","status":"passed","title":"should also work with shear_rate_s1 field name","duration":1.001800000000003,"failureMessages":[],"meta":{}},{"ancestorTitles":["downsampleRheoPointsMultiChannel"],"fullName":"downsampleRheoPointsMultiChannel should reduce point count to threshold","status":"passed","title":"should reduce point count to threshold","duration":0.5825000000000387,"failureMessages":[],"meta":{}},{"ancestorTitles":["downsampling mode \"off\""],"fullName":"downsampling mode \"off\" should return original data unchanged","status":"passed","title":"should return original data unchanged","duration":0.2606999999999857,"failureMessages":[],"meta":{}}],"startTime":1777125196879,"endTime":1777125196889.5825,"status":"passed","message":"","name":"D:/Development/Rheolab/tests/downsample.test.ts"},{"assertionResults":[{"ancestorTitles":["convertPointsToWasm"],"fullName":"convertPointsToWasm returns empty array for empty input","status":"passed","title":"returns empty array for empty input","duration":2.730700000000013,"failureMessages":[],"meta":{}},{"ancestorTitles":["convertPointsToWasm"],"fullName":"convertPointsToWasm maps field names correctly","status":"passed","title":"maps field names correctly","duration":0.9079000000000406,"failureMessages":[],"meta":{}},{"ancestorTitles":["convertPointsToWasm"],"fullName":"convertPointsToWasm handles NaN viscosity with 0 fallback","status":"passed","title":"handles NaN viscosity with 0 fallback","duration":0.35130000000003747,"failureMessages":[],"meta":{}},{"ancestorTitles":["convertPointsToWasm"],"fullName":"convertPointsToWasm handles null pressure_bar as nullable","status":"passed","title":"handles null pressure_bar as nullable","duration":0.3405999999999949,"failureMessages":[],"meta":{}},{"ancestorTitles":["convertPointsToWasm"],"fullName":"convertPointsToWasm preserves length for multi-point array","status":"passed","title":"preserves length for multi-point array","duration":1.4551000000000158,"failureMessages":[],"meta":{}},{"ancestorTitles":["convertStepsToWasm"],"fullName":"convertStepsToWasm returns empty array for empty input","status":"passed","title":"returns empty array for empty input","duration":0.4200999999999908,"failureMessages":[],"meta":{}},{"ancestorTitles":["convertStepsToWasm"],"fullName":"convertStepsToWasm maps step id and times correctly","status":"passed","title":"maps step id and times correctly","duration":0.6355000000000359,"failureMessages":[],"meta":{}},{"ancestorTitles":["convertStepsToWasm"],"fullName":"convertStepsToWasm maps nested points array","status":"passed","title":"maps nested points array","duration":0.5091000000000463,"failureMessages":[],"meta":{}},{"ancestorTitles":["convertStepsToWasm"],"fullName":"convertStepsToWasm preserves isRamp flag","status":"passed","title":"preserves isRamp flag","duration":0.35120000000000573,"failureMessages":[],"meta":{}},{"ancestorTitles":["convertStepsToWasm"],"fullName":"convertStepsToWasm converts NaN avgShearRate to 0","status":"passed","title":"converts NaN avgShearRate to 0","duration":0.31090000000000373,"failureMessages":[],"meta":{}},{"ancestorTitles":["convertWasmStepsToTS"],"fullName":"convertWasmStepsToTS returns empty array for empty input","status":"passed","title":"returns empty array for empty input","duration":0.46680000000003474,"failureMessages":[],"meta":{}},{"ancestorTitles":["convertWasmStepsToTS"],"fullName":"convertWasmStepsToTS computes duration from times when WASM returns 0 duration","status":"passed","title":"computes duration from times when WASM returns 0 duration","duration":0.6376999999999953,"failureMessages":[],"meta":{}},{"ancestorTitles":["convertWasmStepsToTS"],"fullName":"convertWasmStepsToTS uses provided duration when > 0","status":"passed","title":"uses provided duration when > 0","duration":0.2697000000000003,"failureMessages":[],"meta":{}},{"ancestorTitles":["convertWasmCyclesToTS"],"fullName":"convertWasmCyclesToTS returns empty array for empty input","status":"passed","title":"returns empty array for empty input","duration":0.30989999999997053,"failureMessages":[],"meta":{}},{"ancestorTitles":["convertWasmCyclesToTS"],"fullName":"convertWasmCyclesToTS handles null/undefined input gracefully","status":"passed","title":"handles null/undefined input gracefully","duration":0.22509999999999764,"failureMessages":[],"meta":{}},{"ancestorTitles":["convertWasmCyclesToTS"],"fullName":"convertWasmCyclesToTS converts a minimal cycle","status":"passed","title":"converts a minimal cycle","duration":0.7112000000000194,"failureMessages":[],"meta":{}}],"startTime":1777125197097,"endTime":1777125197108.7112,"status":"passed","message":"","name":"D:/Development/Rheolab/tests/analysis/converters.test.ts"},{"assertionResults":[{"ancestorTitles":["Cycle Detector","detectCycles - Edge Cases"],"fullName":"Cycle Detector detectCycles - Edge Cases should return empty array for empty input","status":"passed","title":"should return empty array for empty input","duration":2.5639999999999645,"failureMessages":[],"meta":{}},{"ancestorTitles":["Cycle Detector","detectCycles - Edge Cases"],"fullName":"Cycle Detector detectCycles - Edge Cases should return single cycle for less than 3 steps","status":"passed","title":"should return single cycle for less than 3 steps","duration":2.178200000000004,"failureMessages":[],"meta":{}},{"ancestorTitles":["Cycle Detector","API Pattern Detection"],"fullName":"Cycle Detector API Pattern Detection should detect API RP 39 symmetric pattern","status":"passed","title":"should detect API RP 39 symmetric pattern","duration":1.076400000000035,"failureMessages":[],"meta":{}},{"ancestorTitles":["Cycle Detector","ISO Pattern Detection"],"fullName":"Cycle Detector ISO Pattern Detection should detect ISO 13503-1 monotonic ramp down","status":"passed","title":"should detect ISO 13503-1 monotonic ramp down","duration":1.011099999999999,"failureMessages":[],"meta":{}},{"ancestorTitles":["Cycle Detector","ISO Pattern Detection"],"fullName":"Cycle Detector ISO Pattern Detection should detect monotonic ramp up","status":"passed","title":"should detect monotonic ramp up","duration":0.530399999999986,"failureMessages":[],"meta":{}},{"ancestorTitles":["Cycle Detector","Filter Invalid Cycles"],"fullName":"Cycle Detector Filter Invalid Cycles should filter cycles with invalid data","status":"passed","title":"should filter cycles with invalid data","duration":0.4312999999999647,"failureMessages":[],"meta":{}},{"ancestorTitles":["Cycle Detector","Legacy Fallback"],"fullName":"Cycle Detector Legacy Fallback should use legacy detection when no pattern matches","status":"passed","title":"should use legacy detection when no pattern matches","duration":0.44750000000004775,"failureMessages":[],"meta":{}},{"ancestorTitles":["Cycle Detector","Anchor-based Detection"],"fullName":"Cycle Detector Anchor-based Detection should detect cycles based on mixing steps","status":"passed","title":"should detect cycles based on mixing steps","duration":0.36299999999999955,"failureMessages":[],"meta":{}}],"startTime":1777125197290,"endTime":1777125197299.4475,"status":"passed","message":"","name":"D:/Development/Rheolab/tests/analysis/cycle-detector.test.ts"},{"assertionResults":[{"ancestorTitles":["createCycleFromSteps"],"fullName":"createCycleFromSteps detects API pattern from symmetric 75-50-25-50-75 steps","status":"passed","title":"detects API pattern from symmetric 75-50-25-50-75 steps","duration":2.5960999999999785,"failureMessages":[],"meta":{}},{"ancestorTitles":["createCycleFromSteps"],"fullName":"createCycleFromSteps sets id from argument","status":"passed","title":"sets id from argument","duration":0.3871000000000322,"failureMessages":[],"meta":{}},{"ancestorTitles":["createCycleFromSteps"],"fullName":"createCycleFromSteps sets cycleIndex for API cycles","status":"passed","title":"sets cycleIndex for API cycles","duration":0.3591999999999871,"failureMessages":[],"meta":{}},{"ancestorTitles":["createCycleFromSteps"],"fullName":"createCycleFromSteps detects ISO pattern from monotonic ramp-down","status":"passed","title":"detects ISO pattern from monotonic ramp-down","duration":0.28539999999998145,"failureMessages":[],"meta":{}},{"ancestorTitles":["createCycleFromSteps"],"fullName":"createCycleFromSteps classifies unknown pattern as Custom","status":"passed","title":"classifies unknown pattern as Custom","duration":0.3106000000000222,"failureMessages":[],"meta":{}},{"ancestorTitles":["createCycleFromSteps"],"fullName":"createCycleFromSteps computes duration as sum of step durations","status":"passed","title":"computes duration as sum of step durations","duration":0.20870000000002165,"failureMessages":[],"meta":{}},{"ancestorTitles":["createCycleFromSteps"],"fullName":"createCycleFromSteps includes all steps in the cycle","status":"passed","title":"includes all steps in the cycle","duration":1.1260999999999513,"failureMessages":[],"meta":{}},{"ancestorTitles":["createCycleFromSteps"],"fullName":"createCycleFromSteps Custom cycle does not get cycleIndex","status":"passed","title":"Custom cycle does not get cycleIndex","duration":0.42669999999998254,"failureMessages":[],"meta":{}},{"ancestorTitles":["detectCyclesLegacy"],"fullName":"detectCyclesLegacy returns a fallback single cycle when all steps are at the same high rate","status":"passed","title":"returns a fallback single cycle when all steps are at the same high rate","duration":0.567600000000084,"failureMessages":[],"meta":{}},{"ancestorTitles":["detectCyclesLegacy"],"fullName":"detectCyclesLegacy detects one cycle from a complete low→high pattern","status":"passed","title":"detects one cycle from a complete low→high pattern","duration":0.41820000000006985,"failureMessages":[],"meta":{}},{"ancestorTitles":["detectCyclesLegacy"],"fullName":"detectCyclesLegacy fallback cycle contains all input steps","status":"passed","title":"fallback cycle contains all input steps","duration":0.28089999999997417,"failureMessages":[],"meta":{}},{"ancestorTitles":["mergeSymmetricCycles"],"fullName":"mergeSymmetricCycles returns unchanged array when only 1 cycle","status":"passed","title":"returns unchanged array when only 1 cycle","duration":0.5004999999999882,"failureMessages":[],"meta":{}},{"ancestorTitles":["mergeSymmetricCycles"],"fullName":"mergeSymmetricCycles returns unchanged array when cycles are empty","status":"passed","title":"returns unchanged array when cycles are empty","duration":0.28899999999998727,"failureMessages":[],"meta":{}},{"ancestorTitles":["mergeSymmetricCycles"],"fullName":"mergeSymmetricCycles merges ramp-down + ramp-up pair into API cycle","status":"passed","title":"merges ramp-down + ramp-up pair into API cycle","duration":0.5889999999999418,"failureMessages":[],"meta":{}},{"ancestorTitles":["mergeSymmetricCycles"],"fullName":"mergeSymmetricCycles does not merge two independent ramp-down cycles","status":"passed","title":"does not merge two independent ramp-down cycles","duration":0.4492000000000189,"failureMessages":[],"meta":{}}],"startTime":1777125196722,"endTime":1777125196731.589,"status":"passed","message":"","name":"D:/Development/Rheolab/tests/analysis/cycle-factory.test.ts"},{"assertionResults":[{"ancestorTitles":["Global Pattern Regrouping Logic"],"fullName":"Global Pattern Regrouping Logic should group steps into cycles based on pattern and time gaps","status":"passed","title":"should group steps into cycles based on pattern and time gaps","duration":5.252799999999979,"failureMessages":[],"meta":{}},{"ancestorTitles":["Global Pattern Regrouping Logic"],"fullName":"Global Pattern Regrouping Logic should handle steps from different original cycles","status":"passed","title":"should handle steps from different original cycles","duration":1.195100000000025,"failureMessages":[],"meta":{}},{"ancestorTitles":["Global Pattern Regrouping Logic"],"fullName":"Global Pattern Regrouping Logic should ignore cycles with only 1 step","status":"passed","title":"should ignore cycles with only 1 step","duration":0.9454000000000065,"failureMessages":[],"meta":{}},{"ancestorTitles":["Global Pattern Regrouping Logic"],"fullName":"Global Pattern Regrouping Logic should find exact sequence with repeated rates (100→75→50→25→100)","status":"passed","title":"should find exact sequence with repeated rates (100→75→50→25→100)","duration":1.3696999999999662,"failureMessages":[],"meta":{}}],"startTime":1777125197408,"endTime":1777125197416.3696,"status":"passed","message":"","name":"D:/Development/Rheolab/tests/analysis/pattern-regroup.test.ts"},{"assertionResults":[{"ancestorTitles":["hasRate"],"fullName":"hasRate returns true when exact match present","status":"passed","title":"returns true when exact match present","duration":1.857500000000016,"failureMessages":[],"meta":{}},{"ancestorTitles":["hasRate"],"fullName":"hasRate returns true within default tolerance","status":"passed","title":"returns true within default tolerance","duration":0.40739999999999554,"failureMessages":[],"meta":{}},{"ancestorTitles":["hasRate"],"fullName":"hasRate returns false when target not present","status":"passed","title":"returns false when target not present","duration":0.3207999999999629,"failureMessages":[],"meta":{}},{"ancestorTitles":["hasRate"],"fullName":"hasRate returns false for empty array","status":"passed","title":"returns false for empty array","duration":1.9537000000000262,"failureMessages":[],"meta":{}},{"ancestorTitles":["hasRate"],"fullName":"hasRate respects custom tolerance=0","status":"passed","title":"respects custom tolerance=0","duration":0.3924000000000092,"failureMessages":[],"meta":{}},{"ancestorTitles":["hasRate"],"fullName":"hasRate respects custom tolerance=12 (|50-61|=11 < 12)","status":"passed","title":"respects custom tolerance=12 (|50-61|=11 < 12)","duration":0.2586000000000013,"failureMessages":[],"meta":{}},{"ancestorTitles":["hasRate"],"fullName":"hasRate returns false when value outside large tolerance still not there","status":"passed","title":"returns false when value outside large tolerance still not there","duration":0.6623000000000161,"failureMessages":[],"meta":{}},{"ancestorTitles":["isSymmetricPattern"],"fullName":"isSymmetricPattern returns false for fewer than 5 rates","status":"passed","title":"returns false for fewer than 5 rates","duration":0.5391999999999939,"failureMessages":[],"meta":{}},{"ancestorTitles":["isSymmetricPattern"],"fullName":"isSymmetricPattern returns true for perfect triangle [25, 50, 75, 50, 25]","status":"passed","title":"returns true for perfect triangle [25, 50, 75, 50, 25]","duration":0.3077999999999861,"failureMessages":[],"meta":{}},{"ancestorTitles":["isSymmetricPattern"],"fullName":"isSymmetricPattern returns true for pattern with mixing at max — body is [75,50,25,50,75]","status":"passed","title":"returns true for pattern with mixing at max — body is [75,50,25,50,75]","duration":0.3053000000000452,"failureMessages":[],"meta":{}},{"ancestorTitles":["isSymmetricPattern"],"fullName":"isSymmetricPattern returns false for monotonic ramp (not symmetric)","status":"passed","title":"returns false for monotonic ramp (not symmetric)","duration":0.1944000000000301,"failureMessages":[],"meta":{}},{"ancestorTitles":["isSymmetricPattern"],"fullName":"isSymmetricPattern returns false for asymmetric pattern [25, 50, 75, 25, 50]","status":"passed","title":"returns false for asymmetric pattern [25, 50, 75, 25, 50]","duration":0.1997000000000071,"failureMessages":[],"meta":{}},{"ancestorTitles":["isSymmetricPattern"],"fullName":"isSymmetricPattern returns true when symmetric within default tolerance","status":"passed","title":"returns true when symmetric within default tolerance","duration":0.2015999999999849,"failureMessages":[],"meta":{}},{"ancestorTitles":["getMonotonicDirection"],"fullName":"getMonotonicDirection returns null for fewer than 3 values","status":"passed","title":"returns null for fewer than 3 values","duration":0.376700000000028,"failureMessages":[],"meta":{}},{"ancestorTitles":["getMonotonicDirection"],"fullName":"getMonotonicDirection returns down for strictly decreasing","status":"passed","title":"returns down for strictly decreasing","duration":0.17790000000002237,"failureMessages":[],"meta":{}},{"ancestorTitles":["getMonotonicDirection"],"fullName":"getMonotonicDirection returns up for strictly increasing","status":"passed","title":"returns up for strictly increasing","duration":0.15949999999998,"failureMessages":[],"meta":{}},{"ancestorTitles":["getMonotonicDirection"],"fullName":"getMonotonicDirection returns null for non-monotonic (zigzag)","status":"passed","title":"returns null for non-monotonic (zigzag)","duration":0.15189999999995507,"failureMessages":[],"meta":{}},{"ancestorTitles":["getMonotonicDirection"],"fullName":"getMonotonicDirection returns null for symmetric triangle","status":"passed","title":"returns null for symmetric triangle","duration":0.16849999999999454,"failureMessages":[],"meta":{}},{"ancestorTitles":["getMonotonicDirection"],"fullName":"getMonotonicDirection returns down within default tolerance (small bumps)","status":"passed","title":"returns down within default tolerance (small bumps)","duration":0.16460000000000719,"failureMessages":[],"meta":{}},{"ancestorTitles":["getMonotonicDirection"],"fullName":"getMonotonicDirection returns null when both up and down within tolerance","status":"passed","title":"returns null when both up and down within tolerance","duration":0.2369000000000483,"failureMessages":[],"meta":{}},{"ancestorTitles":["getMonotonicDirection"],"fullName":"getMonotonicDirection returns up for two-step ramp from low to high","status":"passed","title":"returns up for two-step ramp from low to high","duration":0.17329999999998336,"failureMessages":[],"meta":{}},{"ancestorTitles":["getMonotonicDirection"],"fullName":"getMonotonicDirection returns up for 5-step increasing sequence skipping gaps","status":"passed","title":"returns up for 5-step increasing sequence skipping gaps","duration":0.24619999999998754,"failureMessages":[],"meta":{}},{"ancestorTitles":["getMonotonicDirection"],"fullName":"getMonotonicDirection does not confuse single spike as monotonic","status":"passed","title":"does not confuse single spike as monotonic","duration":0.17910000000000537,"failureMessages":[],"meta":{}}],"startTime":1777125197437,"endTime":1777125197448.1792,"status":"passed","message":"","name":"D:/Development/Rheolab/tests/analysis/rate-utils.test.ts"},{"assertionResults":[{"ancestorTitles":["api-keys client"],"fullName":"api-keys client routes list/create/toggle/delete through unified bridge","status":"passed","title":"routes list/create/toggle/delete through unified bridge","duration":8.506999999999948,"failureMessages":[],"meta":{}},{"ancestorTitles":["api-keys client"],"fullName":"api-keys client routes active key check through unified bridge","status":"passed","title":"routes active key check through unified bridge","duration":1.090400000000045,"failureMessages":[],"meta":{}},{"ancestorTitles":["api-keys client"],"fullName":"api-keys client uses bridge validation on web runtime","status":"passed","title":"uses bridge validation on web runtime","duration":0.7636999999999716,"failureMessages":[],"meta":{}},{"ancestorTitles":["api-keys client"],"fullName":"api-keys client uses native key validation in tauri runtime","status":"passed","title":"uses native key validation in tauri runtime","duration":0.5811999999999671,"failureMessages":[],"meta":{}}],"startTime":1777125197345,"endTime":1777125197355.7637,"status":"passed","message":"","name":"D:/Development/Rheolab/tests/api-keys/client.test.ts"},{"assertionResults":[{"ancestorTitles":["api-keys/helpers"],"fullName":"api-keys/helpers module is importable (placeholder after S-1 removal)","status":"passed","title":"module is importable (placeholder after S-1 removal)","duration":1.4857999999999834,"failureMessages":[],"meta":{}}],"startTime":1777125197983,"endTime":1777125197984.4858,"status":"passed","message":"","name":"D:/Development/Rheolab/tests/api-keys/helpers.test.ts"},{"assertionResults":[{"ancestorTitles":["CALIBRATION_LIMITS"],"fullName":"CALIBRATION_LIMITS R_SQUARED threshold is 0.999","status":"passed","title":"R_SQUARED threshold is 0.999","duration":2.449299999999994,"failureMessages":[],"meta":{}},{"ancestorTitles":["CALIBRATION_LIMITS"],"fullName":"CALIBRATION_LIMITS HYSTERESIS limit is 8.0 dynes/cm² (Chandler spec)","status":"passed","title":"HYSTERESIS limit is 8.0 dynes/cm² (Chandler spec)","duration":0.32749999999998636,"failureMessages":[],"meta":{}},{"ancestorTitles":["CALIBRATION_LIMITS"],"fullName":"CALIBRATION_LIMITS STDEV limit is 4.0 dynes/cm² (Chandler spec)","status":"passed","title":"STDEV limit is 4.0 dynes/cm² (Chandler spec)","duration":0.22820000000001528,"failureMessages":[],"meta":{}},{"ancestorTitles":["CALIBRATION_LIMITS"],"fullName":"CALIBRATION_LIMITS slope bounds form a ±5% window around 1.0","status":"passed","title":"slope bounds form a ±5% window around 1.0","duration":0.566599999999994,"failureMessages":[],"meta":{}},{"ancestorTitles":["CALIBRATION_LIMITS"],"fullName":"CALIBRATION_LIMITS INTERCEPT_MAX is 2.0","status":"passed","title":"INTERCEPT_MAX is 2.0","duration":0.23820000000000618,"failureMessages":[],"meta":{}},{"ancestorTitles":["CALIBRATION_LIMITS"],"fullName":"CALIBRATION_LIMITS passes calibration: all values within spec","status":"passed","title":"passes calibration: all values within spec","duration":0.21769999999997935,"failureMessages":[],"meta":{}},{"ancestorTitles":["CALIBRATION_LIMITS"],"fullName":"CALIBRATION_LIMITS fails calibration: R² below threshold","status":"passed","title":"fails calibration: R² below threshold","duration":0.25070000000005166,"failureMessages":[],"meta":{}},{"ancestorTitles":["CALIBRATION_LIMITS"],"fullName":"CALIBRATION_LIMITS fails calibration: hysteresis above 8.0","status":"passed","title":"fails calibration: hysteresis above 8.0","duration":0.28359999999997854,"failureMessages":[],"meta":{}},{"ancestorTitles":["CALIBRATION_LIMITS"],"fullName":"CALIBRATION_LIMITS fails calibration: stdev above 4.0","status":"passed","title":"fails calibration: stdev above 4.0","duration":0.28530000000000655,"failureMessages":[],"meta":{}},{"ancestorTitles":["CALIBRATION_LIMITS"],"fullName":"CALIBRATION_LIMITS fails calibration: slope below SLOPE_MIN","status":"passed","title":"fails calibration: slope below SLOPE_MIN","duration":0.216700000000003,"failureMessages":[],"meta":{}},{"ancestorTitles":["CALIBRATION_LIMITS"],"fullName":"CALIBRATION_LIMITS fails calibration: slope above SLOPE_MAX","status":"passed","title":"fails calibration: slope above SLOPE_MAX","duration":0.13849999999996498,"failureMessages":[],"meta":{}},{"ancestorTitles":["CALIBRATION_LIMITS"],"fullName":"CALIBRATION_LIMITS boundary: stdev exactly at limit passes","status":"passed","title":"boundary: stdev exactly at limit passes","duration":0.16259999999999764,"failureMessages":[],"meta":{}},{"ancestorTitles":["CALIBRATION_LIMITS"],"fullName":"CALIBRATION_LIMITS boundary: hysteresis exactly at limit passes","status":"passed","title":"boundary: hysteresis exactly at limit passes","duration":0.11939999999998463,"failureMessages":[],"meta":{}}],"startTime":1777125197557,"endTime":1777125197563.1626,"status":"passed","message":"","name":"D:/Development/Rheolab/tests/calibration/constants.test.ts"},{"assertionResults":[{"ancestorTitles":["CalibrationPanel"],"fullName":"CalibrationPanel renders \"Calibration Not Found\" when no data provided","status":"passed","title":"renders \"Calibration Not Found\" when no data provided","duration":47.61880000000019,"failureMessages":[],"meta":{}},{"ancestorTitles":["CalibrationPanel"],"fullName":"CalibrationPanel renders PASS status correctly","status":"passed","title":"renders PASS status correctly","duration":87.69410000000016,"failureMessages":[],"meta":{}},{"ancestorTitles":["CalibrationPanel"],"fullName":"CalibrationPanel renders FAIL status and issues","status":"passed","title":"renders FAIL status and issues","duration":46.65189999999984,"failureMessages":[],"meta":{}}],"startTime":1777125192258,"endTime":1777125192439.6519,"status":"passed","message":"","name":"D:/Development/Rheolab/tests/components/CalibrationPanel.test.tsx"},{"assertionResults":[{"ancestorTitles":["getScaleName","individual mode"],"fullName":"getScaleName individual mode regular metric returns its own key","status":"passed","title":"regular metric returns its own key","duration":1.8664999999999736,"failureMessages":[],"meta":{}},{"ancestorTitles":["getScaleName","individual mode"],"fullName":"getScaleName individual mode bath_temperature_c always maps to temperature_c","status":"passed","title":"bath_temperature_c always maps to temperature_c","duration":0.2630999999999517,"failureMessages":[],"meta":{}},{"ancestorTitles":["getScaleName","individual mode"],"fullName":"getScaleName individual mode bath_temperature_c returns temperature_c regardless of side position","status":"passed","title":"bath_temperature_c returns temperature_c regardless of side position","duration":0.2318000000000211,"failureMessages":[],"meta":{}},{"ancestorTitles":["getScaleName","shared mode"],"fullName":"getScaleName shared mode left-side metric returns \"left\"","status":"passed","title":"left-side metric returns \"left\"","duration":0.268100000000004,"failureMessages":[],"meta":{}},{"ancestorTitles":["getScaleName","shared mode"],"fullName":"getScaleName shared mode right-side metric returns \"right\"","status":"passed","title":"right-side metric returns \"right\"","duration":0.36520000000001573,"failureMessages":[],"meta":{}},{"ancestorTitles":["getScaleName","shared mode"],"fullName":"getScaleName shared mode bath_temperature_c that is on right returns \"right\" (shared uses position, not canonical)","status":"passed","title":"bath_temperature_c that is on right returns \"right\" (shared uses position, not canonical)","duration":0.19659999999998945,"failureMessages":[],"meta":{}},{"ancestorTitles":["getScaleName","shared mode"],"fullName":"getScaleName shared mode bath_temperature_c placed on left returns \"left\" in shared mode","status":"passed","title":"bath_temperature_c placed on left returns \"left\" in shared mode","duration":0.15089999999997872,"failureMessages":[],"meta":{}},{"ancestorTitles":["getIsRight"],"fullName":"getIsRight metric in rightMetrics is on right","status":"passed","title":"metric in rightMetrics is on right","duration":0.252399999999966,"failureMessages":[],"meta":{}},{"ancestorTitles":["getIsRight"],"fullName":"getIsRight metric in leftMetrics is not on right","status":"passed","title":"metric in leftMetrics is not on right","duration":0.17719999999997071,"failureMessages":[],"meta":{}},{"ancestorTitles":["getIsRight"],"fullName":"getIsRight bath_temperature_c coerced to temperature_c scale — inherits temperature_c side","status":"passed","title":"bath_temperature_c coerced to temperature_c scale — inherits temperature_c side","duration":0.19319999999999027,"failureMessages":[],"meta":{}},{"ancestorTitles":["getIsRight"],"fullName":"getIsRight bath_temperature_c alone in active without temperature_c on right is not right","status":"passed","title":"bath_temperature_c alone in active without temperature_c on right is not right","duration":0.12659999999999627,"failureMessages":[],"meta":{}},{"ancestorTitles":["getIsRight"],"fullName":"getIsRight bath_temperature_c in rightMetrics directly makes it right","status":"passed","title":"bath_temperature_c in rightMetrics directly makes it right","duration":0.11969999999996617,"failureMessages":[],"meta":{}},{"ancestorTitles":["getAxisLabel"],"fullName":"getAxisLabel single metric → label from METRIC_LABELS","status":"passed","title":"single metric → label from METRIC_LABELS","duration":0.25209999999998445,"failureMessages":[],"meta":{}},{"ancestorTitles":["getAxisLabel"],"fullName":"getAxisLabel temperature_c + bath_temperature_c share scale → combined label","status":"passed","title":"temperature_c + bath_temperature_c share scale → combined label","duration":0.3528999999999769,"failureMessages":[],"meta":{}},{"ancestorTitles":["getAxisLabel"],"fullName":"getAxisLabel bath_temperature_c queried directly gives same combined label as temperature_c","status":"passed","title":"bath_temperature_c queried directly gives same combined label as temperature_c","duration":0.4333000000000311,"failureMessages":[],"meta":{}},{"ancestorTitles":["getAxisLabel"],"fullName":"getAxisLabel only bath_temperature_c active → label is bath only","status":"passed","title":"only bath_temperature_c active → label is bath only","duration":0.2636999999999716,"failureMessages":[],"meta":{}},{"ancestorTitles":["getAxisLabel"],"fullName":"getAxisLabel unknown metric falls back to metric key","status":"passed","title":"unknown metric falls back to metric key","duration":0.17580000000003793,"failureMessages":[],"meta":{}},{"ancestorTitles":["getStrokeDasharray (comparison chart usage)"],"fullName":"getStrokeDasharray (comparison chart usage) solid returns undefined (no dash)","status":"passed","title":"solid returns undefined (no dash)","duration":0.24430000000000973,"failureMessages":[],"meta":{}},{"ancestorTitles":["getStrokeDasharray (comparison chart usage)"],"fullName":"getStrokeDasharray (comparison chart usage) dashed returns \"5 5\"","status":"passed","title":"dashed returns \"5 5\"","duration":0.11559999999997217,"failureMessages":[],"meta":{}},{"ancestorTitles":["getStrokeDasharray (comparison chart usage)"],"fullName":"getStrokeDasharray (comparison chart usage) dotted returns \"2 2\"","status":"passed","title":"dotted returns \"2 2\"","duration":0.148900000000026,"failureMessages":[],"meta":{}},{"ancestorTitles":["getStrokeDasharray (comparison chart usage)"],"fullName":"getStrokeDasharray (comparison chart usage) dash string can be split to number array (as done in component)","status":"passed","title":"dash string can be split to number array (as done in component)","duration":0.9635999999999854,"failureMessages":[],"meta":{}},{"ancestorTitles":["getStrokeDasharray (comparison chart usage)"],"fullName":"getStrokeDasharray (comparison chart usage) dotted dash string splits correctly","status":"passed","title":"dotted dash string splits correctly","duration":0.237700000000018,"failureMessages":[],"meta":{}},{"ancestorTitles":["bath_temperature_c axis merge regression"],"fullName":"bath_temperature_c axis merge regression in individual mode: bath and temp produce only one unique scale name","status":"passed","title":"in individual mode: bath and temp produce only one unique scale name","duration":0.276299999999992,"failureMessages":[],"meta":{}},{"ancestorTitles":["bath_temperature_c axis merge regression"],"fullName":"bath_temperature_c axis merge regression in shared mode: both temperatures on right produce one \"right\" scale","status":"passed","title":"in shared mode: both temperatures on right produce one \"right\" scale","duration":1.3170999999999822,"failureMessages":[],"meta":{}}],"startTime":1777125197436,"endTime":1777125197446.3171,"status":"passed","message":"","name":"D:/Development/Rheolab/tests/components/comparison-chart-scales.test.ts"},{"assertionResults":[{"ancestorTitles":["sanitiseAndNormalisePoints"],"fullName":"sanitiseAndNormalisePoints returns empty array for null / undefined input","status":"passed","title":"returns empty array for null / undefined input","duration":3.174600000000055,"failureMessages":[],"meta":{}},{"ancestorTitles":["sanitiseAndNormalisePoints"],"fullName":"sanitiseAndNormalisePoints returns empty array for empty array input","status":"passed","title":"returns empty array for empty array input","duration":0.5018999999999778,"failureMessages":[],"meta":{}},{"ancestorTitles":["sanitiseAndNormalisePoints"],"fullName":"sanitiseAndNormalisePoints accepts a JSON string and parses it","status":"passed","title":"accepts a JSON string and parses it","duration":0.5627999999999247,"failureMessages":[],"meta":{}},{"ancestorTitles":["sanitiseAndNormalisePoints"],"fullName":"sanitiseAndNormalisePoints drops points with NaN time_sec","status":"passed","title":"drops points with NaN time_sec","duration":1.2725000000000364,"failureMessages":[],"meta":{}},{"ancestorTitles":["sanitiseAndNormalisePoints"],"fullName":"sanitiseAndNormalisePoints coerces string time_sec values to numbers","status":"passed","title":"coerces string time_sec values to numbers","duration":0.4333000000001448,"failureMessages":[],"meta":{}},{"ancestorTitles":["sanitiseAndNormalisePoints"],"fullName":"sanitiseAndNormalisePoints drops points whose string time_sec is not numeric","status":"passed","title":"drops points whose string time_sec is not numeric","duration":0.3512000000000626,"failureMessages":[],"meta":{}},{"ancestorTitles":["sanitiseAndNormalisePoints"],"fullName":"sanitiseAndNormalisePoints sorts unsorted input chronologically","status":"passed","title":"sorts unsorted input chronologically","duration":0.6042999999999665,"failureMessages":[],"meta":{}},{"ancestorTitles":["sanitiseAndNormalisePoints"],"fullName":"sanitiseAndNormalisePoints normalises time_min: first point is always 0","status":"passed","title":"normalises time_min: first point is always 0","duration":0.46669999999994616,"failureMessages":[],"meta":{}},{"ancestorTitles":["sanitiseAndNormalisePoints"],"fullName":"sanitiseAndNormalisePoints rounds time_min to 2 decimal places","status":"passed","title":"rounds time_min to 2 decimal places","duration":0.2743000000000393,"failureMessages":[],"meta":{}},{"ancestorTitles":["sanitiseAndNormalisePoints"],"fullName":"sanitiseAndNormalisePoints downsample mode \"off\" preserves all points","status":"passed","title":"downsample mode \"off\" preserves all points","duration":0.4335000000000946,"failureMessages":[],"meta":{}},{"ancestorTitles":["sanitiseAndNormalisePoints"],"fullName":"sanitiseAndNormalisePoints downsample mode \"smart\" reduces point count below threshold","status":"passed","title":"downsample mode \"smart\" reduces point count below threshold","duration":8.723899999999958,"failureMessages":[],"meta":{}},{"ancestorTitles":["buildSharedTimeAxis"],"fullName":"buildSharedTimeAxis returns empty array for empty experiments","status":"passed","title":"returns empty array for empty experiments","duration":0.39180000000010295,"failureMessages":[],"meta":{}},{"ancestorTitles":["buildSharedTimeAxis"],"fullName":"buildSharedTimeAxis returns all unique times from a single experiment","status":"passed","title":"returns all unique times from a single experiment","duration":0.294399999999996,"failureMessages":[],"meta":{}},{"ancestorTitles":["buildSharedTimeAxis"],"fullName":"buildSharedTimeAxis merges times from two experiments and deduplicates","status":"passed","title":"merges times from two experiments and deduplicates","duration":0.2617000000000189,"failureMessages":[],"meta":{}},{"ancestorTitles":["buildSharedTimeAxis"],"fullName":"buildSharedTimeAxis returns a sorted axis even if experiment points are out of order","status":"passed","title":"returns a sorted axis even if experiment points are out of order","duration":0.3041000000000622,"failureMessages":[],"meta":{}},{"ancestorTitles":["buildSharedTimeAxis"],"fullName":"buildSharedTimeAxis filters NaN time_min values","status":"passed","title":"filters NaN time_min values","duration":0.19910000000004402,"failureMessages":[],"meta":{}},{"ancestorTitles":["alignSeriesLastKnown"],"fullName":"alignSeriesLastKnown returns all nulls for an empty points array","status":"passed","title":"returns all nulls for an empty points array","duration":0.2965999999998985,"failureMessages":[],"meta":{}},{"ancestorTitles":["alignSeriesLastKnown"],"fullName":"alignSeriesLastKnown maps exact time matches correctly","status":"passed","title":"maps exact time matches correctly","duration":0.19780000000014297,"failureMessages":[],"meta":{}},{"ancestorTitles":["alignSeriesLastKnown"],"fullName":"alignSeriesLastKnown uses last-known-value for slots between experiment points","status":"passed","title":"uses last-known-value for slots between experiment points","duration":0.19129999999995562,"failureMessages":[],"meta":{}},{"ancestorTitles":["alignSeriesLastKnown"],"fullName":"alignSeriesLastKnown returns null BEFORE experiment starts","status":"passed","title":"returns null BEFORE experiment starts","duration":0.23029999999994288,"failureMessages":[],"meta":{}},{"ancestorTitles":["alignSeriesLastKnown"],"fullName":"alignSeriesLastKnown returns null AFTER experiment ends","status":"passed","title":"returns null AFTER experiment ends","duration":0.20309999999994943,"failureMessages":[],"meta":{}},{"ancestorTitles":["alignSeriesLastKnown"],"fullName":"alignSeriesLastKnown handles null / undefined field values by returning null","status":"passed","title":"handles null / undefined field values by returning null","duration":2.0254999999999654,"failureMessages":[],"meta":{}},{"ancestorTitles":["alignSeriesLastKnown"],"fullName":"alignSeriesLastKnown handles an empty times array without throwing","status":"passed","title":"handles an empty times array without throwing","duration":1.647799999999961,"failureMessages":[],"meta":{}},{"ancestorTitles":["alignSeriesLastKnown"],"fullName":"alignSeriesLastKnown key regression: two experiments with fully disjoint time points — both series are non-null","status":"passed","title":"key regression: two experiments with fully disjoint time points — both series are non-null","duration":0.5775999999998476,"failureMessages":[],"meta":{}},{"ancestorTitles":["alignSeriesLinear"],"fullName":"alignSeriesLinear returns all nulls for an empty points array","status":"passed","title":"returns all nulls for an empty points array","duration":0.33580000000006294,"failureMessages":[],"meta":{}},{"ancestorTitles":["alignSeriesLinear"],"fullName":"alignSeriesLinear maps exact time matches without modification","status":"passed","title":"maps exact time matches without modification","duration":0.20010000000002037,"failureMessages":[],"meta":{}},{"ancestorTitles":["alignSeriesLinear"],"fullName":"alignSeriesLinear linearly interpolates between two bracketing data points","status":"passed","title":"linearly interpolates between two bracketing data points","duration":0.38390000000003965,"failureMessages":[],"meta":{}},{"ancestorTitles":["alignSeriesLinear"],"fullName":"alignSeriesLinear returns null BEFORE experiment starts","status":"passed","title":"returns null BEFORE experiment starts","duration":0.23720000000002983,"failureMessages":[],"meta":{}},{"ancestorTitles":["alignSeriesLinear"],"fullName":"alignSeriesLinear returns null AFTER experiment ends","status":"passed","title":"returns null AFTER experiment ends","duration":0.18290000000001783,"failureMessages":[],"meta":{}},{"ancestorTitles":["alignSeriesLinear"],"fullName":"alignSeriesLinear returns exact value for single-point experiment at its own time","status":"passed","title":"returns exact value for single-point experiment at its own time","duration":0.16170000000010987,"failureMessages":[],"meta":{}},{"ancestorTitles":["alignSeriesLinear"],"fullName":"alignSeriesLinear handles null / undefined field values by returning null","status":"passed","title":"handles null / undefined field values by returning null","duration":0.16819999999984248,"failureMessages":[],"meta":{}},{"ancestorTitles":["alignSeriesLinear"],"fullName":"alignSeriesLinear handles an empty times array without throwing","status":"passed","title":"handles an empty times array without throwing","duration":0.29399999999986903,"failureMessages":[],"meta":{}},{"ancestorTitles":["alignSeriesLinear"],"fullName":"alignSeriesLinear temperature staircase scenario: sparse exp fills in smooth ramp","status":"passed","title":"temperature staircase scenario: sparse exp fills in smooth ramp","duration":0.3059000000000651,"failureMessages":[],"meta":{}},{"ancestorTitles":["alignSeriesLinear"],"fullName":"alignSeriesLinear disjoint experiments: both series have smooth non-null coverage","status":"passed","title":"disjoint experiments: both series have smooth non-null coverage","duration":0.48450000000002547,"failureMessages":[],"meta":{}},{"ancestorTitles":["buildComparisonUPlotData"],"fullName":"buildComparisonUPlotData produces correct SoA dimensions for one experiment, one metric","status":"passed","title":"produces correct SoA dimensions for one experiment, one metric","duration":0.7294999999999163,"failureMessages":[],"meta":{}},{"ancestorTitles":["buildComparisonUPlotData"],"fullName":"buildComparisonUPlotData produces correct SoA dimensions for two experiments, two metrics","status":"passed","title":"produces correct SoA dimensions for two experiments, two metrics","duration":0.6998999999998432,"failureMessages":[],"meta":{}},{"ancestorTitles":["buildComparisonUPlotData"],"fullName":"buildComparisonUPlotData does not crash on empty experiments list","status":"passed","title":"does not crash on empty experiments list","duration":0.31219999999984793,"failureMessages":[],"meta":{}},{"ancestorTitles":["buildComparisonUPlotData"],"fullName":"buildComparisonUPlotData does not crash on experiment with null rawPoints","status":"passed","title":"does not crash on experiment with null rawPoints","duration":0.3331999999998061,"failureMessages":[],"meta":{}},{"ancestorTitles":["buildComparisonUPlotData"],"fullName":"buildComparisonUPlotData key regression: second experiment series is non-empty when experiments have disjoint times","status":"passed","title":"key regression: second experiment series is non-empty when experiments have disjoint times","duration":0.5622000000000753,"failureMessages":[],"meta":{}},{"ancestorTitles":["buildComparisonUPlotData"],"fullName":"buildComparisonUPlotData produces correct viscosity values at known time slots","status":"passed","title":"produces correct viscosity values at known time slots","duration":0.38010000000008404,"failureMessages":[],"meta":{}},{"ancestorTitles":["buildComparisonUPlotData"],"fullName":"buildComparisonUPlotData two experiments with different data lengths produce no null gaps within their range","status":"passed","title":"two experiments with different data lengths produce no null gaps within their range","duration":0.2925999999999931,"failureMessages":[],"meta":{}},{"ancestorTitles":["buildComparisonUPlotData"],"fullName":"buildComparisonUPlotData all series arrays have identical length equal to times length","status":"passed","title":"all series arrays have identical length equal to times length","duration":0.656099999999924,"failureMessages":[],"meta":{}},{"ancestorTitles":["comparison columnar path — bath-temperature null handling"],"fullName":"comparison columnar path — bath-temperature null handling sanitiseAndNormaliseColumnarDirect stores NaN (not 0) for missing bath temp","status":"passed","title":"sanitiseAndNormaliseColumnarDirect stores NaN (not 0) for missing bath temp","duration":0.8096999999997934,"failureMessages":[],"meta":{}},{"ancestorTitles":["comparison columnar path — bath-temperature null handling"],"fullName":"comparison columnar path — bath-temperature null handling alignSeriesFromColumnarLinear emits null for NaN bath points on the shared axis","status":"passed","title":"alignSeriesFromColumnarLinear emits null for NaN bath points on the shared axis","duration":0.4838999999999487,"failureMessages":[],"meta":{}},{"ancestorTitles":["comparison columnar path — bath-temperature null handling"],"fullName":"comparison columnar path — bath-temperature null handling alignSeriesFromColumnarLinear does NOT render bath line through 0 when points are missing","status":"passed","title":"alignSeriesFromColumnarLinear does NOT render bath line through 0 when points are missing","duration":0.35609999999996944,"failureMessages":[],"meta":{}}],"startTime":1777125195571,"endTime":1777125195604.484,"status":"passed","message":"","name":"D:/Development/Rheolab/tests/components/comparison-data.test.ts"},{"assertionResults":[{"ancestorTitles":["DashboardContent"],"fullName":"DashboardContent renders nothing when parseResult is null","status":"passed","title":"renders nothing when parseResult is null","duration":26.32459999999992,"failureMessages":[],"meta":{}},{"ancestorTitles":["DashboardContent"],"fullName":"DashboardContent renders the chart tab by default","status":"passed","title":"renders the chart tab by default","duration":51.879399999999805,"failureMessages":[],"meta":{}},{"ancestorTitles":["DashboardContent"],"fullName":"DashboardContent switches to table tab on click","status":"passed","title":"switches to table tab on click","duration":672.0936000000002,"failureMessages":[],"meta":{}},{"ancestorTitles":["DashboardContent"],"fullName":"DashboardContent switches to recipe tab on click","status":"passed","title":"switches to recipe tab on click","duration":420.1210999999994,"failureMessages":[],"meta":{}},{"ancestorTitles":["DashboardContent"],"fullName":"DashboardContent switches to water tab on click","status":"passed","title":"switches to water tab on click","duration":372.02520000000004,"failureMessages":[],"meta":{}},{"ancestorTitles":["DashboardContent"],"fullName":"DashboardContent switches to report tab on click and renders ReportTab","status":"passed","title":"switches to report tab on click and renders ReportTab","duration":353.0765000000001,"failureMessages":[],"meta":{}},{"ancestorTitles":["DashboardContent"],"fullName":"DashboardContent calls onSaveClick when the save button is clicked","status":"passed","title":"calls onSaveClick when the save button is clicked","duration":43.634000000000015,"failureMessages":[],"meta":{}}],"startTime":1777125192258,"endTime":1777125194197.634,"status":"passed","message":"","name":"D:/Development/Rheolab/tests/components/DashboardContent.test.tsx"},{"assertionResults":[{"ancestorTitles":["ComparisonPage — no experiments"],"fullName":"ComparisonPage — no experiments renders the comparison page root","status":"passed","title":"renders the comparison page root","duration":976.3456999999999,"failureMessages":[],"meta":{}},{"ancestorTitles":["ComparisonPage — no experiments"],"fullName":"ComparisonPage — no experiments shows \"Добавить тест\" button when under the limit","status":"passed","title":"shows \"Добавить тест\" button when under the limit","duration":28.66440000000057,"failureMessages":[],"meta":{}},{"ancestorTitles":["ComparisonPage — no experiments"],"fullName":"ComparisonPage — no experiments shows 0/6 counter badge","status":"passed","title":"shows 0/6 counter badge","duration":19.42990000000009,"failureMessages":[],"meta":{}},{"ancestorTitles":["ComparisonPage — no experiments"],"fullName":"ComparisonPage — no experiments does not show any ExperimentChip when list is empty","status":"passed","title":"does not show any ExperimentChip when list is empty","duration":19.001600000000508,"failureMessages":[],"meta":{}},{"ancestorTitles":["LibraryPage — initial render"],"fullName":"LibraryPage — initial render renders the library page root element","status":"passed","title":"renders the library page root element","duration":196.02289999999994,"failureMessages":[],"meta":{}},{"ancestorTitles":["LibraryPage — initial render"],"fullName":"LibraryPage — initial render shows Experiments tab by default","status":"passed","title":"shows Experiments tab by default","duration":7.7806000000000495,"failureMessages":[],"meta":{}},{"ancestorTitles":["LibraryPage — initial render"],"fullName":"LibraryPage — initial render renders ExperimentList in default experiments tab","status":"passed","title":"renders ExperimentList in default experiments tab","duration":7.442300000000614,"failureMessages":[],"meta":{}}],"startTime":1777125191491,"endTime":1777125192746.4424,"status":"passed","message":"","name":"D:/Development/Rheolab/tests/components/empty-states.test.tsx"},{"assertionResults":[{"ancestorTitles":["ExperimentFilters — touch-point section"],"fullName":"ExperimentFilters — touch-point section renders the touch-point section with threshold selector and disclaimer","status":"failed","title":"renders the touch-point section with threshold selector and disclaimer","duration":167.77970000000005,"failureMessages":["TestingLibraryElementError: Unable to find an element by: [data-testid=\"TouchPointFiltersSection\"]\n\nIgnored nodes: comments, script, style\n\u001b[36m<body>\u001b[39m\n  \u001b[36m<div>\u001b[39m\n    \u001b[36m<div\u001b[39m\n      \u001b[33mclass\u001b[39m=\u001b[32m\"bg-secondary/50 rounded-xl border border-border p-3 sticky top-24 overflow-y-auto max-h-[calc(100vh-7rem)] scrollbar-thin scrollbar-track-transparent scrollbar-thumb-slate-700\"\u001b[39m\n      \u001b[33mdata-testid\u001b[39m=\u001b[32m\"ExperimentFiltersPanel\"\u001b[39m\n    \u001b[36m>\u001b[39m\n      \u001b[36m<div\u001b[39m\n        \u001b[33mclass\u001b[39m=\u001b[32m\"flex items-center justify-between mb-2\"\u001b[39m\n      \u001b[36m>\u001b[39m\n        \u001b[36m<div\u001b[39m\n          \u001b[33mclass\u001b[39m=\u001b[32m\"flex items-center gap-2 text-foreground font-medium\"\u001b[39m\n        \u001b[36m>\u001b[39m\n          \u001b[36m<svg\u001b[39m\n            \u001b[33maria-hidden\u001b[39m=\u001b[32m\"true\"\u001b[39m\n            \u001b[33mclass\u001b[39m=\u001b[32m\"lucide lucide-funnel w-4 h-4 text-blue-400\"\u001b[39m\n            \u001b[33mfill\u001b[39m=\u001b[32m\"none\"\u001b[39m\n            \u001b[33mheight\u001b[39m=\u001b[32m\"24\"\u001b[39m\n            \u001b[33mstroke\u001b[39m=\u001b[32m\"currentColor\"\u001b[39m\n            \u001b[33mstroke-linecap\u001b[39m=\u001b[32m\"round\"\u001b[39m\n            \u001b[33mstroke-linejoin\u001b[39m=\u001b[32m\"round\"\u001b[39m\n            \u001b[33mstroke-width\u001b[39m=\u001b[32m\"2\"\u001b[39m\n            \u001b[33mviewBox\u001b[39m=\u001b[32m\"0 0 24 24\"\u001b[39m\n            \u001b[33mwidth\u001b[39m=\u001b[32m\"24\"\u001b[39m\n            \u001b[33mxmlns\u001b[39m=\u001b[32m\"http://www.w3.org/2000/svg\"\u001b[39m\n          \u001b[36m>\u001b[39m\n            \u001b[36m<path\u001b[39m\n              \u001b[33md\u001b[39m=\u001b[32m\"M10 20a1 1 0 0 0 .553.895l2 1A1 1 0 0 0 14 21v-7a2 2 0 0 1 .517-1.341L21.74 4.67A1 1 0 0 0 21 3H3a1 1 0 0 0-.742 1.67l7.225 7.989A2 2 0 0 1 10 14z\"\u001b[39m\n            \u001b[36m/>\u001b[39m\n          \u001b[36m</svg>\u001b[39m\n          \u001b[0mФильтры\u001b[0m\n        \u001b[36m</div>\u001b[39m\n        \u001b[36m<button\u001b[39m\n          \u001b[33mclass\u001b[39m=\u001b[32m\"text-xs flex items-center gap-1 transition-colors text-muted-foreground cursor-not-allowed\"\u001b[39m\n          \u001b[33mdata-testid\u001b[39m=\u001b[32m\"ClearFiltersButton\"\u001b[39m\n          \u001b[33mdisabled\u001b[39m=\u001b[32m\"\"\u001b[39m\n        \u001b[36m>\u001b[39m\n          \u001b[36m<svg\u001b[39m\n            \u001b[33maria-hidden\u001b[39m=\u001b[32m\"true\"\u001b[39m\n            \u001b[33mclass\u001b[39m=\u001b[32m\"lucide lucide-x w-3 h-3\"\u001b[39m\n            \u001b[33mfill\u001b[39m=\u001b[32m\"none\"\u001b[39m\n            \u001b[33mheight\u001b[39m=\u001b[32m\"24\"\u001b[39m\n            \u001b[33mstroke\u001b[39m=\u001b[32m\"currentColor\"\u001b[39m\n            \u001b[33mstroke-linecap\u001b[39m=\u001b[32m\"round\"\u001b[39m\n            \u001b[33mstroke-linejoin\u001b[39m=\u001b[32m\"round\"\u001b[39m\n            \u001b[33mstroke-width\u001b[39m=\u001b[32m\"2\"\u001b[39m\n            \u001b[33mviewBox\u001b[39m=\u001b[32m\"0 0 24 24\"\u001b[39m\n            \u001b[33mwidth\u001b[39m=\u001b[32m\"24\"\u001b[39m\n            \u001b[33mxmlns\u001b[39m=\u001b[32m\"http://www.w3.org/2000/svg\"\u001b[39m\n          \u001b[36m>\u001b[39m\n            \u001b[36m<path\u001b[39m\n              \u001b[33md\u001b[39m=\u001b[32m\"M18 6 6 18\"\u001b[39m\n            \u001b[36m/>\u001b[39m\n            \u001b[36m<path\u001b[39m\n              \u001b[33md\u001b[39m=\u001b[32m\"m6 6 12 12\"\u001b[39m\n            \u001b[36m/>\u001b[39m\n          \u001b[36m</svg>\u001b[39m\n          \u001b[0mСбросить\u001b[0m\n        \u001b[36m</button>\u001b[39m\n      \u001b[36m</div>\u001b[39m\n      \u001b[36m<div\u001b[39m\n        \u001b[33mclass\u001b[39m=\u001b[32m\"border-t border-border/60 first:border-t-0\"\u001b[39m\n      \u001b[36m>\u001b[39m\n        \u001b[36m<button\u001b[39m\n          \u001b[33mclass\u001b[39m=\u001b[32m\"flex items-center justify-between w-full py-2.5 group\"\u001b[39m\n          \u001b[33mtype\u001b[39m=\u001b[32m\"button\"\u001b[39m\n        \u001b[36m>\u001b[39m\n          \u001b[36m<span\u001b[39m\n            \u001b[33mclass\u001b[39m=\u001b[32m\"flex items-center gap-2 text-xs font-medium text-muted-foreground group-hover:text-foreground transition-colors\"\u001b[39m\n          \u001b[36m>\u001b[39m\n            \u001b[36m<svg\u001b[39m\n              \u001b[33maria-hidden\u001b[39m=\u001b[32m\"true\"\u001b[39m\n              \u001b[33mclass\u001b[39m=\u001b[32m\"lucide lucide-search w-3.5 h-3.5\"\u001b[39m\n              \u001b[33mfill\u001b[39m=\u001b[32m\"none\"\u001b[39m\n              \u001b[33mheight\u001b[39m=\u001b[32m\"24\"\u001b[39m\n              \u001b[33mstroke\u001b[39m=\u001b[32m\"currentColor\"\u001b[39m\n              \u001b[33mstroke-linecap\u001b[39m=\u001b[32m\"round\"\u001b[39m\n              \u001b[33mstroke-linejoin\u001b[39m=\u001b[32m\"round\"\u001b[39m\n              \u001b[33mstroke-width\u001b[39m=\u001b[32m\"2\"\u001b[39m\n              \u001b[33mviewBox\u001b[39m=\u001b[32m\"0 0 24 24\"\u001b[39m\n              \u001b[33mwidth\u001b[39m=\u001b[32m\"24\"\u001b[39m\n              \u001b[33mxmlns\u001b[39m=\u001b[32m\"http://www.w3.org/2000/svg\"\u001b[39m\n            \u001b[36m>\u001b[39m\n              \u001b[36m<path\u001b[39m\n                \u001b[33md\u001b[39m=\u001b[32m\"m21 21-4.34-4.34\"\u001b[39m\n              \u001b[36m/>\u001b[39m\n              \u001b[36m<circle\u001b[39m\n                \u001b[33mcx\u001b[39m=\u001b[32m\"11\"\u001b[39m\n                \u001b[33mcy\u001b[39m=\u001b[32m\"11\"\u001b[39m\n                \u001b[33mr\u001b[39m=\u001b[32m\"8\"\u001b[39m\n              \u001b[36m/>\u001b[39m\n            \u001b[36m</svg>\u001b[39m\n            \u001b[0mПоиск\u001b[0m\n          \u001b[36m</span>\u001b[39m\n          \u001b[36m<svg\u001b[39m\n            \u001b[33maria-hidden\u001b[39m=\u001b[32m\"true\"\u001b[39m\n            \u001b[33mclass\u001b[39m=\u001b[32m\"lucide lucide-chevron-down w-3.5 h-3.5 text-muted-foreground transition-transform duration-200 rotate-180\"\u001b[39m\n            \u001b[33mfill\u001b[39m=\u001b[32m\"none\"\u001b[39m\n            \u001b[33mheight\u001b[39m=\u001b[32m\"24\"\u001b[39m\n            \u001b[33mstroke\u001b[39m=\u001b[32m\"currentColor\"\u001b[39m\n            \u001b[33mstroke-linecap\u001b[39m=\u001b[32m\"round\"\u001b[39m\n            \u001b[33mstroke-linejoin\u001b[39m=\u001b[32m\"round\"\u001b[39m\n            \u001b[33mstroke-width\u001b[39m=\u001b[32m\"2\"\u001b[39m\n            \u001b[33mviewBox\u001b[39m=\u001b[32m\"0 0 24 24\"\u001b[39m\n            \u001b[33mwidth\u001b[39m=\u001b[32m\"24\"\u001b[39m\n            \u001b[33mxmlns\u001b[39m=\u001b[32m\"http://www.w3.org/2000/svg\"\u001b[39m\n          \u001b[36m>\u001b[39m\n            \u001b[36m<path\u001b[39m\n              \u001b[33md\u001b[39m=\u001b[32m\"m6 9 6 6 6-6\"\u001b[39m\n            \u001b[36m/>\u001b[39m\n          \u001b[36m</svg>\u001b[39m\n        \u001b[36m</button>\u001b[39m\n        \u001b[36m<div\u001b[39m\n          \u001b[33mclass\u001b[39m=\u001b[32m\"pb-3 space-y-3\"\u001b[39m\n        \u001b[36m>\u001b[39m\n          \u001b[36m<div\u001b[39m\n            \u001b[33mclass\u001b[39m=\u001b[32m\"space-y-2\"\u001b[39m\n          \u001b[36m>\u001b[39m\n            \u001b[36m<label\u001b[39m\n              \u001b[33mclass\u001b[39m=\u001b[32m\"font-medium peer-disabled:cursor-not-allowed peer-disabled:opacity-70 text-xs text-muted-foreground\"\u001b[39m\n            \u001b[36m>\u001b[39m\n              \u001b[0mОбщий поиск\u001b[0m\n            \u001b[36m</label>\u001b[39m\n            \u001b[36m<div\u001b[39m\n              \u001b[33mclass\u001b[39m=\u001b[32m\"relative\"\u001b[39m\n            \u001b[36m>\u001b[39m\n              \u001b[36m<input\u001b[39m\n                \u001b[33mclass\u001b[39m=\u001b[32m\"flex h-9 w-full rounded-md border px-3 py-1 text-sm shadow-sm transition-colors file:border-0 file:bg-transparent file:text-sm file:font-medium placeholder:text-muted-foreground focus-visible:outline-none focus-visible:ring-1 disabled:cursor-not-allowed disabled:opacity-50 bg-card border-border text-foreground focus-visible:ring-blue-500 pl-3 pr-8\"\u001b[39m\n                \u001b[33mdata-testid\u001b[39m=\u001b[32m\"ExperimentSearchInput\"\u001b[39m\n                \u001b[33mplaceholder\u001b[39m=\u001b[32m\"Имя, файл, реагент...\"\u001b[39m\n                \u001b[33mtype\u001b[39m=\u001b[32m\"text\"\u001b[39m\n                \u001b[33mvalue\u001b[39m=\u001b[32m\"\"\u001b[39m\n              \u001b[36m/>\u001b[39m\n              \u001b[36m<svg\u001b[39m\n                \u001b[33maria-hidden\u001b[39m=\u001b[32m\"true\"\u001b[39m\n                \u001b[33mclass\u001b[39m=\u001b[32m\"lucide lucide-search w-3 h-3 text-muted-foreground absolute right-3 top-3\"\u001b[39m\n                \u001b[33mfill\u001b[39m=\u001b[32m\"none\"\u001b[39m\n                \u001b[33mheight\u001b[39m=\u001b[32m\"24\"\u001b[39m\n                \u001b[33mstroke\u001b[39m=\u001b[32m\"currentColor\"\u001b[39m\n                \u001b[33mstroke-linecap\u001b[39m=\u001b[32m\"round\"\u001b[39m\n                \u001b[33mstroke-linejoin\u001b[39m=\u001b[32m\"round\"\u001b[39m\n                \u001b[33mstroke-width\u001b[39m=\u001b[32m\"2\"\u001b[39m\n                \u001b[33mviewBox\u001b[39m=\u001b[32m\"0 0 24 2...\n    at Object.getElementError (D:\\Development\\Rheolab\\node_modules\\@testing-library\\dom\\dist\\config.js:37:19)\n    at D:\\Development\\Rheolab\\node_modules\\@testing-library\\dom\\dist\\query-helpers.js:76:38\n    at D:\\Development\\Rheolab\\node_modules\\@testing-library\\dom\\dist\\query-helpers.js:52:17\n    at D:\\Development\\Rheolab\\node_modules\\@testing-library\\dom\\dist\\query-helpers.js:95:19\n    at D:/Development/Rheolab/tests/components/experiment-filters-touch-point.test.tsx:98:32\n    at file:///D:/Development/Rheolab/node_modules/@vitest/runner/dist/index.js:915:20"],"meta":{}},{"ancestorTitles":["ExperimentFilters — touch-point section"],"fullName":"ExperimentFilters — touch-point section touch-point subfilters are hidden by default (threshold OFF)","status":"failed","title":"touch-point subfilters are hidden by default (threshold OFF)","duration":49.5645999999997,"failureMessages":["TestingLibraryElementError: Unable to find an element by: [data-testid=\"TouchPointFiltersSection\"]\n\nIgnored nodes: comments, script, style\n\u001b[36m<body>\u001b[39m\n  \u001b[36m<div>\u001b[39m\n    \u001b[36m<div\u001b[39m\n      \u001b[33mclass\u001b[39m=\u001b[32m\"bg-secondary/50 rounded-xl border border-border p-3 sticky top-24 overflow-y-auto max-h-[calc(100vh-7rem)] scrollbar-thin scrollbar-track-transparent scrollbar-thumb-slate-700\"\u001b[39m\n      \u001b[33mdata-testid\u001b[39m=\u001b[32m\"ExperimentFiltersPanel\"\u001b[39m\n    \u001b[36m>\u001b[39m\n      \u001b[36m<div\u001b[39m\n        \u001b[33mclass\u001b[39m=\u001b[32m\"flex items-center justify-between mb-2\"\u001b[39m\n      \u001b[36m>\u001b[39m\n        \u001b[36m<div\u001b[39m\n          \u001b[33mclass\u001b[39m=\u001b[32m\"flex items-center gap-2 text-foreground font-medium\"\u001b[39m\n        \u001b[36m>\u001b[39m\n          \u001b[36m<svg\u001b[39m\n            \u001b[33maria-hidden\u001b[39m=\u001b[32m\"true\"\u001b[39m\n            \u001b[33mclass\u001b[39m=\u001b[32m\"lucide lucide-funnel w-4 h-4 text-blue-400\"\u001b[39m\n            \u001b[33mfill\u001b[39m=\u001b[32m\"none\"\u001b[39m\n            \u001b[33mheight\u001b[39m=\u001b[32m\"24\"\u001b[39m\n            \u001b[33mstroke\u001b[39m=\u001b[32m\"currentColor\"\u001b[39m\n            \u001b[33mstroke-linecap\u001b[39m=\u001b[32m\"round\"\u001b[39m\n            \u001b[33mstroke-linejoin\u001b[39m=\u001b[32m\"round\"\u001b[39m\n            \u001b[33mstroke-width\u001b[39m=\u001b[32m\"2\"\u001b[39m\n            \u001b[33mviewBox\u001b[39m=\u001b[32m\"0 0 24 24\"\u001b[39m\n            \u001b[33mwidth\u001b[39m=\u001b[32m\"24\"\u001b[39m\n            \u001b[33mxmlns\u001b[39m=\u001b[32m\"http://www.w3.org/2000/svg\"\u001b[39m\n          \u001b[36m>\u001b[39m\n            \u001b[36m<path\u001b[39m\n              \u001b[33md\u001b[39m=\u001b[32m\"M10 20a1 1 0 0 0 .553.895l2 1A1 1 0 0 0 14 21v-7a2 2 0 0 1 .517-1.341L21.74 4.67A1 1 0 0 0 21 3H3a1 1 0 0 0-.742 1.67l7.225 7.989A2 2 0 0 1 10 14z\"\u001b[39m\n            \u001b[36m/>\u001b[39m\n          \u001b[36m</svg>\u001b[39m\n          \u001b[0mФильтры\u001b[0m\n        \u001b[36m</div>\u001b[39m\n        \u001b[36m<button\u001b[39m\n          \u001b[33mclass\u001b[39m=\u001b[32m\"text-xs flex items-center gap-1 transition-colors text-muted-foreground cursor-not-allowed\"\u001b[39m\n          \u001b[33mdata-testid\u001b[39m=\u001b[32m\"ClearFiltersButton\"\u001b[39m\n          \u001b[33mdisabled\u001b[39m=\u001b[32m\"\"\u001b[39m\n        \u001b[36m>\u001b[39m\n          \u001b[36m<svg\u001b[39m\n            \u001b[33maria-hidden\u001b[39m=\u001b[32m\"true\"\u001b[39m\n            \u001b[33mclass\u001b[39m=\u001b[32m\"lucide lucide-x w-3 h-3\"\u001b[39m\n            \u001b[33mfill\u001b[39m=\u001b[32m\"none\"\u001b[39m\n            \u001b[33mheight\u001b[39m=\u001b[32m\"24\"\u001b[39m\n            \u001b[33mstroke\u001b[39m=\u001b[32m\"currentColor\"\u001b[39m\n            \u001b[33mstroke-linecap\u001b[39m=\u001b[32m\"round\"\u001b[39m\n            \u001b[33mstroke-linejoin\u001b[39m=\u001b[32m\"round\"\u001b[39m\n            \u001b[33mstroke-width\u001b[39m=\u001b[32m\"2\"\u001b[39m\n            \u001b[33mviewBox\u001b[39m=\u001b[32m\"0 0 24 24\"\u001b[39m\n            \u001b[33mwidth\u001b[39m=\u001b[32m\"24\"\u001b[39m\n            \u001b[33mxmlns\u001b[39m=\u001b[32m\"http://www.w3.org/2000/svg\"\u001b[39m\n          \u001b[36m>\u001b[39m\n            \u001b[36m<path\u001b[39m\n              \u001b[33md\u001b[39m=\u001b[32m\"M18 6 6 18\"\u001b[39m\n            \u001b[36m/>\u001b[39m\n            \u001b[36m<path\u001b[39m\n              \u001b[33md\u001b[39m=\u001b[32m\"m6 6 12 12\"\u001b[39m\n            \u001b[36m/>\u001b[39m\n          \u001b[36m</svg>\u001b[39m\n          \u001b[0mСбросить\u001b[0m\n        \u001b[36m</button>\u001b[39m\n      \u001b[36m</div>\u001b[39m\n      \u001b[36m<div\u001b[39m\n        \u001b[33mclass\u001b[39m=\u001b[32m\"border-t border-border/60 first:border-t-0\"\u001b[39m\n      \u001b[36m>\u001b[39m\n        \u001b[36m<button\u001b[39m\n          \u001b[33mclass\u001b[39m=\u001b[32m\"flex items-center justify-between w-full py-2.5 group\"\u001b[39m\n          \u001b[33mtype\u001b[39m=\u001b[32m\"button\"\u001b[39m\n        \u001b[36m>\u001b[39m\n          \u001b[36m<span\u001b[39m\n            \u001b[33mclass\u001b[39m=\u001b[32m\"flex items-center gap-2 text-xs font-medium text-muted-foreground group-hover:text-foreground transition-colors\"\u001b[39m\n          \u001b[36m>\u001b[39m\n            \u001b[36m<svg\u001b[39m\n              \u001b[33maria-hidden\u001b[39m=\u001b[32m\"true\"\u001b[39m\n              \u001b[33mclass\u001b[39m=\u001b[32m\"lucide lucide-search w-3.5 h-3.5\"\u001b[39m\n              \u001b[33mfill\u001b[39m=\u001b[32m\"none\"\u001b[39m\n              \u001b[33mheight\u001b[39m=\u001b[32m\"24\"\u001b[39m\n              \u001b[33mstroke\u001b[39m=\u001b[32m\"currentColor\"\u001b[39m\n              \u001b[33mstroke-linecap\u001b[39m=\u001b[32m\"round\"\u001b[39m\n              \u001b[33mstroke-linejoin\u001b[39m=\u001b[32m\"round\"\u001b[39m\n              \u001b[33mstroke-width\u001b[39m=\u001b[32m\"2\"\u001b[39m\n              \u001b[33mviewBox\u001b[39m=\u001b[32m\"0 0 24 24\"\u001b[39m\n              \u001b[33mwidth\u001b[39m=\u001b[32m\"24\"\u001b[39m\n              \u001b[33mxmlns\u001b[39m=\u001b[32m\"http://www.w3.org/2000/svg\"\u001b[39m\n            \u001b[36m>\u001b[39m\n              \u001b[36m<path\u001b[39m\n                \u001b[33md\u001b[39m=\u001b[32m\"m21 21-4.34-4.34\"\u001b[39m\n              \u001b[36m/>\u001b[39m\n              \u001b[36m<circle\u001b[39m\n                \u001b[33mcx\u001b[39m=\u001b[32m\"11\"\u001b[39m\n                \u001b[33mcy\u001b[39m=\u001b[32m\"11\"\u001b[39m\n                \u001b[33mr\u001b[39m=\u001b[32m\"8\"\u001b[39m\n              \u001b[36m/>\u001b[39m\n            \u001b[36m</svg>\u001b[39m\n            \u001b[0mПоиск\u001b[0m\n          \u001b[36m</span>\u001b[39m\n          \u001b[36m<svg\u001b[39m\n            \u001b[33maria-hidden\u001b[39m=\u001b[32m\"true\"\u001b[39m\n            \u001b[33mclass\u001b[39m=\u001b[32m\"lucide lucide-chevron-down w-3.5 h-3.5 text-muted-foreground transition-transform duration-200 rotate-180\"\u001b[39m\n            \u001b[33mfill\u001b[39m=\u001b[32m\"none\"\u001b[39m\n            \u001b[33mheight\u001b[39m=\u001b[32m\"24\"\u001b[39m\n            \u001b[33mstroke\u001b[39m=\u001b[32m\"currentColor\"\u001b[39m\n            \u001b[33mstroke-linecap\u001b[39m=\u001b[32m\"round\"\u001b[39m\n            \u001b[33mstroke-linejoin\u001b[39m=\u001b[32m\"round\"\u001b[39m\n            \u001b[33mstroke-width\u001b[39m=\u001b[32m\"2\"\u001b[39m\n            \u001b[33mviewBox\u001b[39m=\u001b[32m\"0 0 24 24\"\u001b[39m\n            \u001b[33mwidth\u001b[39m=\u001b[32m\"24\"\u001b[39m\n            \u001b[33mxmlns\u001b[39m=\u001b[32m\"http://www.w3.org/2000/svg\"\u001b[39m\n          \u001b[36m>\u001b[39m\n            \u001b[36m<path\u001b[39m\n              \u001b[33md\u001b[39m=\u001b[32m\"m6 9 6 6 6-6\"\u001b[39m\n            \u001b[36m/>\u001b[39m\n          \u001b[36m</svg>\u001b[39m\n        \u001b[36m</button>\u001b[39m\n        \u001b[36m<div\u001b[39m\n          \u001b[33mclass\u001b[39m=\u001b[32m\"pb-3 space-y-3\"\u001b[39m\n        \u001b[36m>\u001b[39m\n          \u001b[36m<div\u001b[39m\n            \u001b[33mclass\u001b[39m=\u001b[32m\"space-y-2\"\u001b[39m\n          \u001b[36m>\u001b[39m\n            \u001b[36m<label\u001b[39m\n              \u001b[33mclass\u001b[39m=\u001b[32m\"font-medium peer-disabled:cursor-not-allowed peer-disabled:opacity-70 text-xs text-muted-foreground\"\u001b[39m\n            \u001b[36m>\u001b[39m\n              \u001b[0mОбщий поиск\u001b[0m\n            \u001b[36m</label>\u001b[39m\n            \u001b[36m<div\u001b[39m\n              \u001b[33mclass\u001b[39m=\u001b[32m\"relative\"\u001b[39m\n            \u001b[36m>\u001b[39m\n              \u001b[36m<input\u001b[39m\n                \u001b[33mclass\u001b[39m=\u001b[32m\"flex h-9 w-full rounded-md border px-3 py-1 text-sm shadow-sm transition-colors file:border-0 file:bg-transparent file:text-sm file:font-medium placeholder:text-muted-foreground focus-visible:outline-none focus-visible:ring-1 disabled:cursor-not-allowed disabled:opacity-50 bg-card border-border text-foreground focus-visible:ring-blue-500 pl-3 pr-8\"\u001b[39m\n                \u001b[33mdata-testid\u001b[39m=\u001b[32m\"ExperimentSearchInput\"\u001b[39m\n                \u001b[33mplaceholder\u001b[39m=\u001b[32m\"Имя, файл, реагент...\"\u001b[39m\n                \u001b[33mtype\u001b[39m=\u001b[32m\"text\"\u001b[39m\n                \u001b[33mvalue\u001b[39m=\u001b[32m\"\"\u001b[39m\n              \u001b[36m/>\u001b[39m\n              \u001b[36m<svg\u001b[39m\n                \u001b[33maria-hidden\u001b[39m=\u001b[32m\"true\"\u001b[39m\n                \u001b[33mclass\u001b[39m=\u001b[32m\"lucide lucide-search w-3 h-3 text-muted-foreground absolute right-3 top-3\"\u001b[39m\n                \u001b[33mfill\u001b[39m=\u001b[32m\"none\"\u001b[39m\n                \u001b[33mheight\u001b[39m=\u001b[32m\"24\"\u001b[39m\n                \u001b[33mstroke\u001b[39m=\u001b[32m\"currentColor\"\u001b[39m\n                \u001b[33mstroke-linecap\u001b[39m=\u001b[32m\"round\"\u001b[39m\n                \u001b[33mstroke-linejoin\u001b[39m=\u001b[32m\"round\"\u001b[39m\n                \u001b[33mstroke-width\u001b[39m=\u001b[32m\"2\"\u001b[39m\n                \u001b[33mviewBox\u001b[39m=\u001b[32m\"0 0 24 2...\n    at Object.getElementError (D:\\Development\\Rheolab\\node_modules\\@testing-library\\dom\\dist\\config.js:37:19)\n    at D:\\Development\\Rheolab\\node_modules\\@testing-library\\dom\\dist\\query-helpers.js:76:38\n    at D:\\Development\\Rheolab\\node_modules\\@testing-library\\dom\\dist\\query-helpers.js:52:17\n    at D:\\Development\\Rheolab\\node_modules\\@testing-library\\dom\\dist\\query-helpers.js:95:19\n    at D:/Development/Rheolab/tests/components/experiment-filters-touch-point.test.tsx:121:23\n    at file:///D:/Development/Rheolab/node_modules/@vitest/runner/dist/index.js:915:20"],"meta":{}},{"ancestorTitles":["ExperimentFilters — touch-point section"],"fullName":"ExperimentFilters — touch-point section \"выкл\" pill is visible and aria-pressed by default","status":"failed","title":"\"выкл\" pill is visible and aria-pressed by default","duration":59.3103000000001,"failureMessages":["TestingLibraryElementError: Unable to find an element by: [data-testid=\"ViscosityThresholdPreset-off\"]\n\nIgnored nodes: comments, script, style\n\u001b[36m<body>\u001b[39m\n  \u001b[36m<div>\u001b[39m\n    \u001b[36m<div\u001b[39m\n      \u001b[33mclass\u001b[39m=\u001b[32m\"bg-secondary/50 rounded-xl border border-border p-3 sticky top-24 overflow-y-auto max-h-[calc(100vh-7rem)] scrollbar-thin scrollbar-track-transparent scrollbar-thumb-slate-700\"\u001b[39m\n      \u001b[33mdata-testid\u001b[39m=\u001b[32m\"ExperimentFiltersPanel\"\u001b[39m\n    \u001b[36m>\u001b[39m\n      \u001b[36m<div\u001b[39m\n        \u001b[33mclass\u001b[39m=\u001b[32m\"flex items-center justify-between mb-2\"\u001b[39m\n      \u001b[36m>\u001b[39m\n        \u001b[36m<div\u001b[39m\n          \u001b[33mclass\u001b[39m=\u001b[32m\"flex items-center gap-2 text-foreground font-medium\"\u001b[39m\n        \u001b[36m>\u001b[39m\n          \u001b[36m<svg\u001b[39m\n            \u001b[33maria-hidden\u001b[39m=\u001b[32m\"true\"\u001b[39m\n            \u001b[33mclass\u001b[39m=\u001b[32m\"lucide lucide-funnel w-4 h-4 text-blue-400\"\u001b[39m\n            \u001b[33mfill\u001b[39m=\u001b[32m\"none\"\u001b[39m\n            \u001b[33mheight\u001b[39m=\u001b[32m\"24\"\u001b[39m\n            \u001b[33mstroke\u001b[39m=\u001b[32m\"currentColor\"\u001b[39m\n            \u001b[33mstroke-linecap\u001b[39m=\u001b[32m\"round\"\u001b[39m\n            \u001b[33mstroke-linejoin\u001b[39m=\u001b[32m\"round\"\u001b[39m\n            \u001b[33mstroke-width\u001b[39m=\u001b[32m\"2\"\u001b[39m\n            \u001b[33mviewBox\u001b[39m=\u001b[32m\"0 0 24 24\"\u001b[39m\n            \u001b[33mwidth\u001b[39m=\u001b[32m\"24\"\u001b[39m\n            \u001b[33mxmlns\u001b[39m=\u001b[32m\"http://www.w3.org/2000/svg\"\u001b[39m\n          \u001b[36m>\u001b[39m\n            \u001b[36m<path\u001b[39m\n              \u001b[33md\u001b[39m=\u001b[32m\"M10 20a1 1 0 0 0 .553.895l2 1A1 1 0 0 0 14 21v-7a2 2 0 0 1 .517-1.341L21.74 4.67A1 1 0 0 0 21 3H3a1 1 0 0 0-.742 1.67l7.225 7.989A2 2 0 0 1 10 14z\"\u001b[39m\n            \u001b[36m/>\u001b[39m\n          \u001b[36m</svg>\u001b[39m\n          \u001b[0mФильтры\u001b[0m\n        \u001b[36m</div>\u001b[39m\n        \u001b[36m<button\u001b[39m\n          \u001b[33mclass\u001b[39m=\u001b[32m\"text-xs flex items-center gap-1 transition-colors text-muted-foreground cursor-not-allowed\"\u001b[39m\n          \u001b[33mdata-testid\u001b[39m=\u001b[32m\"ClearFiltersButton\"\u001b[39m\n          \u001b[33mdisabled\u001b[39m=\u001b[32m\"\"\u001b[39m\n        \u001b[36m>\u001b[39m\n          \u001b[36m<svg\u001b[39m\n            \u001b[33maria-hidden\u001b[39m=\u001b[32m\"true\"\u001b[39m\n            \u001b[33mclass\u001b[39m=\u001b[32m\"lucide lucide-x w-3 h-3\"\u001b[39m\n            \u001b[33mfill\u001b[39m=\u001b[32m\"none\"\u001b[39m\n            \u001b[33mheight\u001b[39m=\u001b[32m\"24\"\u001b[39m\n            \u001b[33mstroke\u001b[39m=\u001b[32m\"currentColor\"\u001b[39m\n            \u001b[33mstroke-linecap\u001b[39m=\u001b[32m\"round\"\u001b[39m\n            \u001b[33mstroke-linejoin\u001b[39m=\u001b[32m\"round\"\u001b[39m\n            \u001b[33mstroke-width\u001b[39m=\u001b[32m\"2\"\u001b[39m\n            \u001b[33mviewBox\u001b[39m=\u001b[32m\"0 0 24 24\"\u001b[39m\n            \u001b[33mwidth\u001b[39m=\u001b[32m\"24\"\u001b[39m\n            \u001b[33mxmlns\u001b[39m=\u001b[32m\"http://www.w3.org/2000/svg\"\u001b[39m\n          \u001b[36m>\u001b[39m\n            \u001b[36m<path\u001b[39m\n              \u001b[33md\u001b[39m=\u001b[32m\"M18 6 6 18\"\u001b[39m\n            \u001b[36m/>\u001b[39m\n            \u001b[36m<path\u001b[39m\n              \u001b[33md\u001b[39m=\u001b[32m\"m6 6 12 12\"\u001b[39m\n            \u001b[36m/>\u001b[39m\n          \u001b[36m</svg>\u001b[39m\n          \u001b[0mСбросить\u001b[0m\n        \u001b[36m</button>\u001b[39m\n      \u001b[36m</div>\u001b[39m\n      \u001b[36m<div\u001b[39m\n        \u001b[33mclass\u001b[39m=\u001b[32m\"border-t border-border/60 first:border-t-0\"\u001b[39m\n      \u001b[36m>\u001b[39m\n        \u001b[36m<button\u001b[39m\n          \u001b[33mclass\u001b[39m=\u001b[32m\"flex items-center justify-between w-full py-2.5 group\"\u001b[39m\n          \u001b[33mtype\u001b[39m=\u001b[32m\"button\"\u001b[39m\n        \u001b[36m>\u001b[39m\n          \u001b[36m<span\u001b[39m\n            \u001b[33mclass\u001b[39m=\u001b[32m\"flex items-center gap-2 text-xs font-medium text-muted-foreground group-hover:text-foreground transition-colors\"\u001b[39m\n          \u001b[36m>\u001b[39m\n            \u001b[36m<svg\u001b[39m\n              \u001b[33maria-hidden\u001b[39m=\u001b[32m\"true\"\u001b[39m\n              \u001b[33mclass\u001b[39m=\u001b[32m\"lucide lucide-search w-3.5 h-3.5\"\u001b[39m\n              \u001b[33mfill\u001b[39m=\u001b[32m\"none\"\u001b[39m\n              \u001b[33mheight\u001b[39m=\u001b[32m\"24\"\u001b[39m\n              \u001b[33mstroke\u001b[39m=\u001b[32m\"currentColor\"\u001b[39m\n              \u001b[33mstroke-linecap\u001b[39m=\u001b[32m\"round\"\u001b[39m\n              \u001b[33mstroke-linejoin\u001b[39m=\u001b[32m\"round\"\u001b[39m\n              \u001b[33mstroke-width\u001b[39m=\u001b[32m\"2\"\u001b[39m\n              \u001b[33mviewBox\u001b[39m=\u001b[32m\"0 0 24 24\"\u001b[39m\n              \u001b[33mwidth\u001b[39m=\u001b[32m\"24\"\u001b[39m\n              \u001b[33mxmlns\u001b[39m=\u001b[32m\"http://www.w3.org/2000/svg\"\u001b[39m\n            \u001b[36m>\u001b[39m\n              \u001b[36m<path\u001b[39m\n                \u001b[33md\u001b[39m=\u001b[32m\"m21 21-4.34-4.34\"\u001b[39m\n              \u001b[36m/>\u001b[39m\n              \u001b[36m<circle\u001b[39m\n                \u001b[33mcx\u001b[39m=\u001b[32m\"11\"\u001b[39m\n                \u001b[33mcy\u001b[39m=\u001b[32m\"11\"\u001b[39m\n                \u001b[33mr\u001b[39m=\u001b[32m\"8\"\u001b[39m\n              \u001b[36m/>\u001b[39m\n            \u001b[36m</svg>\u001b[39m\n            \u001b[0mПоиск\u001b[0m\n          \u001b[36m</span>\u001b[39m\n          \u001b[36m<svg\u001b[39m\n            \u001b[33maria-hidden\u001b[39m=\u001b[32m\"true\"\u001b[39m\n            \u001b[33mclass\u001b[39m=\u001b[32m\"lucide lucide-chevron-down w-3.5 h-3.5 text-muted-foreground transition-transform duration-200 rotate-180\"\u001b[39m\n            \u001b[33mfill\u001b[39m=\u001b[32m\"none\"\u001b[39m\n            \u001b[33mheight\u001b[39m=\u001b[32m\"24\"\u001b[39m\n            \u001b[33mstroke\u001b[39m=\u001b[32m\"currentColor\"\u001b[39m\n            \u001b[33mstroke-linecap\u001b[39m=\u001b[32m\"round\"\u001b[39m\n            \u001b[33mstroke-linejoin\u001b[39m=\u001b[32m\"round\"\u001b[39m\n            \u001b[33mstroke-width\u001b[39m=\u001b[32m\"2\"\u001b[39m\n            \u001b[33mviewBox\u001b[39m=\u001b[32m\"0 0 24 24\"\u001b[39m\n            \u001b[33mwidth\u001b[39m=\u001b[32m\"24\"\u001b[39m\n            \u001b[33mxmlns\u001b[39m=\u001b[32m\"http://www.w3.org/2000/svg\"\u001b[39m\n          \u001b[36m>\u001b[39m\n            \u001b[36m<path\u001b[39m\n              \u001b[33md\u001b[39m=\u001b[32m\"m6 9 6 6 6-6\"\u001b[39m\n            \u001b[36m/>\u001b[39m\n          \u001b[36m</svg>\u001b[39m\n        \u001b[36m</button>\u001b[39m\n        \u001b[36m<div\u001b[39m\n          \u001b[33mclass\u001b[39m=\u001b[32m\"pb-3 space-y-3\"\u001b[39m\n        \u001b[36m>\u001b[39m\n          \u001b[36m<div\u001b[39m\n            \u001b[33mclass\u001b[39m=\u001b[32m\"space-y-2\"\u001b
[...]
{}},{"ancestorTitles":["calculateSmartTouchPoints"],"fullName":"calculateSmartTouchPoints target-time interpolates viscosity between points","status":"passed","title":"target-time interpolates viscosity between points","duration":0.3931999999999789,"failureMessages":[],"meta":{}},{"ancestorTitles":["calculateSmartTouchPoints"],"fullName":"calculateSmartTouchPoints handles single point input gracefully","status":"passed","title":"handles single point input gracefully","duration":0.28480000000001837,"failureMessages":[],"meta":{}},{"ancestorTitles":["calculateSmartTouchPoints"],"fullName":"calculateSmartTouchPoints handles multiple shear rate ramps during experiment","status":"passed","title":"handles multiple shear rate ramps during experiment","duration":0.3352999999999611,"failureMessages":[],"meta":{}},{"ancestorTitles":["calculateSmartTouchPoints"],"fullName":"calculateSmartTouchPoints ignores transient spikes below threshold (requires sustained crossing)","status":"passed","title":"ignores transient spikes below threshold (requires sustained crossing)","duration":0.34749999999996817,"failureMessages":[],"meta":{}},{"ancestorTitles":["calculateSmartTouchPoints"],"fullName":"calculateSmartTouchPoints target-time uses actual viscosity for SST (multi-rate) experiments","status":"passed","title":"target-time uses actual viscosity for SST (multi-rate) experiments","duration":0.44269999999994525,"failureMessages":[],"meta":{}},{"ancestorTitles":["calculateSmartTouchPoints"],"fullName":"calculateSmartTouchPoints rejects threshold crossing on ascending viscosity trend (slope guard)","status":"passed","title":"rejects threshold crossing on ascending viscosity trend (slope guard)","duration":1.3152999999999793,"failureMessages":[],"meta":{}},{"ancestorTitles":["calculateSmartTouchPoints"],"fullName":"calculateSmartTouchPoints detects threshold crossing in large-amplitude oscillating gel (crosslinked/110°C fixture)","status":"passed","title":"detects threshold crossing in large-amplitude oscillating gel (crosslinked/110°C fixture)","duration":1.8929000000000542,"failureMessages":[],"meta":{}},{"ancestorTitles":["calculateSmartTouchPoints"],"fullName":"calculateSmartTouchPoints handles noisy oscillation around threshold (regression: smoothing fix)","status":"passed","title":"handles noisy oscillation around threshold (regression: smoothing fix)","duration":0.9352999999999838,"failureMessages":[],"meta":{}},{"ancestorTitles":["calculateSmartTouchPoints"],"fullName":"calculateSmartTouchPoints target-time anchors to nearest raw point when it falls on a shear-rate jump","status":"passed","title":"target-time anchors to nearest raw point when it falls on a shear-rate jump","duration":1.181100000000015,"failureMessages":[],"meta":{}},{"ancestorTitles":["calculateSmartTouchPoints"],"fullName":"calculateSmartTouchPoints target-time interpolates normally within a single shear-rate plateau","status":"passed","title":"target-time interpolates normally within a single shear-rate plateau","duration":0.5063000000000102,"failureMessages":[],"meta":{}},{"ancestorTitles":["calculateSmartTouchPoints"],"fullName":"calculateSmartTouchPoints ignores NaN / Infinity points without losing valid neighbours","status":"passed","title":"ignores NaN / Infinity points without losing valid neighbours","duration":0.9243999999999915,"failureMessages":[],"meta":{}},{"ancestorTitles":["calculateSmartTouchPoints"],"fullName":"calculateSmartTouchPoints returns empty array when every input is non-finite","status":"passed","title":"returns empty array when every input is non-finite","duration":0.4374000000000251,"failureMessages":[],"meta":{}}],"startTime":1777125193908,"endTime":1777125193936.4375,"status":"passed","message":"","name":"D:/Development/Rheolab/tests/utils/touch-point.test.ts"},{"assertionResults":[{"ancestorTitles":["WaterParamsSchema"],"fullName":"WaterParamsSchema accepts valid water params","status":"passed","title":"accepts valid water params","duration":8.597499999999968,"failureMessages":[],"meta":{}},{"ancestorTitles":["WaterParamsSchema"],"fullName":"WaterParamsSchema accepts all-null water params (empty form state)","status":"passed","title":"accepts all-null water params (empty form state)","duration":0.485300000000052,"failureMessages":[],"meta":{}},{"ancestorTitles":["WaterParamsSchema"],"fullName":"WaterParamsSchema accepts mixed null and number values","status":"passed","title":"accepts mixed null and number values","duration":0.3352999999999611,"failureMessages":[],"meta":{}},{"ancestorTitles":["WaterParamsSchema"],"fullName":"WaterParamsSchema rejects missing fields","status":"passed","title":"rejects missing fields","duration":1.2122000000000526,"failureMessages":[],"meta":{}},{"ancestorTitles":["WaterParamsSchema"],"fullName":"WaterParamsSchema rejects string values","status":"passed","title":"rejects string values","duration":0.46649999999999636,"failureMessages":[],"meta":{}},{"ancestorTitles":["RheoPointSchema"],"fullName":"RheoPointSchema accepts minimal required fields","status":"passed","title":"accepts minimal required fields","duration":0.9339999999999691,"failureMessages":[],"meta":{}},{"ancestorTitles":["RheoPointSchema"],"fullName":"RheoPointSchema accepts all optional fields","status":"passed","title":"accepts all optional fields","duration":0.2845999999999549,"failureMessages":[],"meta":{}},{"ancestorTitles":["RheoPointSchema"],"fullName":"RheoPointSchema rejects Infinity in finite fields","status":"passed","title":"rejects Infinity in finite fields","duration":0.3789000000000442,"failureMessages":[],"meta":{}},{"ancestorTitles":["RheoPointSchema"],"fullName":"RheoPointSchema rejects NaN in finite fields","status":"passed","title":"rejects NaN in finite fields","duration":0.3025000000000091,"failureMessages":[],"meta":{}},{"ancestorTitles":["ExperimentReagentInputSchema"],"fullName":"ExperimentReagentInputSchema accepts valid reagent input","status":"passed","title":"accepts valid reagent input","duration":1.262200000000007,"failureMessages":[],"meta":{}},{"ancestorTitles":["ExperimentReagentInputSchema"],"fullName":"ExperimentReagentInputSchema accepts null batchNumber and productionDate","status":"passed","title":"accepts null batchNumber and productionDate","duration":0.2558999999999969,"failureMessages":[],"meta":{}},{"ancestorTitles":["ExperimentReagentInputSchema"],"fullName":"ExperimentReagentInputSchema coerces productionDate string to Date","status":"passed","title":"coerces productionDate string to Date","duration":0.5878000000000156,"failureMessages":[],"meta":{}},{"ancestorTitles":["HydrationMetricsSchema"],"fullName":"HydrationMetricsSchema accepts cold_water_5c subgroup","status":"passed","title":"accepts cold_water_5c subgroup","duration":0.7123999999998887,"failureMessages":[],"meta":{}},{"ancestorTitles":["HydrationMetricsSchema"],"fullName":"HydrationMetricsSchema rejects unknown subgroup","status":"passed","title":"rejects unknown subgroup","duration":0.6557999999999993,"failureMessages":[],"meta":{}},{"ancestorTitles":["RheologyMetricsSchema"],"fullName":"RheologyMetricsSchema accepts with_stabilizer subgroup","status":"passed","title":"accepts with_stabilizer subgroup","duration":0.8061000000000149,"failureMessages":[],"meta":{}},{"ancestorTitles":["CalibrationSchema"],"fullName":"CalibrationSchema accepts PASS calibration","status":"passed","title":"accepts PASS calibration","duration":1.206299999999942,"failureMessages":[],"meta":{}},{"ancestorTitles":["CalibrationSchema"],"fullName":"CalibrationSchema rejects unknown status","status":"passed","title":"rejects unknown status","duration":0.4617000000000644,"failureMessages":[],"meta":{}},{"ancestorTitles":["CalibrationSchema"],"fullName":"CalibrationSchema defaults rawData to empty array when omitted","status":"passed","title":"defaults rawData to empty array when omitted","duration":0.7948000000000093,"failureMessages":[],"meta":{}},{"ancestorTitles":["ExperimentSavePayloadSchema"],"fullName":"ExperimentSavePayloadSchema accepts valid minimal payload","status":"passed","title":"accepts valid minimal payload","duration":3.036799999999971,"failureMessages":[],"meta":{}},{"ancestorTitles":["ExperimentSavePayloadSchema"],"fullName":"ExperimentSavePayloadSchema rejects empty experiment name","status":"passed","title":"rejects empty experiment name","duration":1.799099999999953,"failureMessages":[],"meta":{}},{"ancestorTitles":["ExperimentSavePayloadSchema"],"fullName":"ExperimentSavePayloadSchema rejects empty waterSource","status":"passed","title":"rejects empty waterSource","duration":0.7224999999999682,"failureMessages":[],"meta":{}},{"ancestorTitles":["ExperimentSavePayloadSchema"],"fullName":"ExperimentSavePayloadSchema rejects invalid fluidType enum value","status":"passed","title":"rejects invalid fluidType enum value","duration":0.5389000000000124,"failureMessages":[],"meta":{}},{"ancestorTitles":["ExperimentSavePayloadSchema"],"fullName":"ExperimentSavePayloadSchema coerces testDate string to Date","status":"passed","title":"coerces testDate string to Date","duration":0.415300000000002,"failureMessages":[],"meta":{}},{"ancestorTitles":["ExperimentSavePayloadSchema"],"fullName":"ExperimentSavePayloadSchema accepts testDate as Date object (Zod v4 regression guard)","status":"passed","title":"accepts testDate as Date object (Zod v4 regression guard)","duration":1.1376999999999953,"failureMessages":[],"meta":{}},{"ancestorTitles":["ExperimentSavePayloadSchema"],"fullName":"ExperimentSavePayloadSchema accepts productionDate as Date object in reagent","status":"passed","title":"accepts productionDate as Date object in reagent","duration":0.8162999999999556,"failureMessages":[],"meta":{}},{"ancestorTitles":["ExperimentSavePayloadSchema"],"fullName":"ExperimentSavePayloadSchema defaults reagents to [] when omitted","status":"passed","title":"defaults reagents to [] when omitted","duration":0.529700000000048,"failureMessages":[],"meta":{}},{"ancestorTitles":["ExperimentSavePayloadSchema"],"fullName":"ExperimentSavePayloadSchema rejects Unicode-only name (1+ chars pass)","status":"passed","title":"rejects Unicode-only name (1+ chars pass)","duration":0.41700000000003,"failureMessages":[],"meta":{}},{"ancestorTitles":["ExperimentSavePayloadSchema"],"fullName":"ExperimentSavePayloadSchema accepts overwrite flag","status":"passed","title":"accepts overwrite flag","duration":0.5162000000000262,"failureMessages":[],"meta":{}},{"ancestorTitles":["ReagentCatalogCreateSchema"],"fullName":"ReagentCatalogCreateSchema accepts valid reagent","status":"passed","title":"accepts valid reagent","duration":0.8911000000000513,"failureMessages":[],"meta":{}},{"ancestorTitles":["ReagentCatalogCreateSchema"],"fullName":"ReagentCatalogCreateSchema trims name whitespace","status":"passed","title":"trims name whitespace","duration":0.26110000000005584,"failureMessages":[],"meta":{}},{"ancestorTitles":["ReagentCatalogCreateSchema"],"fullName":"ReagentCatalogCreateSchema rejects empty name","status":"passed","title":"rejects empty name","duration":0.3848000000000411,"failureMessages":[],"meta":{}},{"ancestorTitles":["ReagentCatalogUpdateSchema"],"fullName":"ReagentCatalogUpdateSchema accepts partial update","status":"passed","title":"accepts partial update","duration":1.3534000000000788,"failureMessages":[],"meta":{}},{"ancestorTitles":["ReagentCatalogUpdateSchema"],"fullName":"ReagentCatalogUpdateSchema accepts empty object (all optional)","status":"passed","title":"accepts empty object (all optional)","duration":0.253400000000056,"failureMessages":[],"meta":{}}],"startTime":1777125194534,"endTime":1777125194568.3535,"status":"passed","message":"","name":"D:/Development/Rheolab/tests/validation/experiment-schemas.test.ts"},{"assertionResults":[{"ancestorTitles":["water-sources client"],"fullName":"water-sources client returns water sources from unified bridge response","status":"passed","title":"returns water sources from unified bridge response","duration":3.3145999999999844,"failureMessages":[],"meta":{}},{"ancestorTitles":["water-sources client"],"fullName":"water-sources client normalizes missing response field to empty array","status":"passed","title":"normalizes missing response field to empty array","duration":1.2421000000000504,"failureMessages":[],"meta":{}}],"startTime":1777125197905,"endTime":1777125197910.2422,"status":"passed","message":"","name":"D:/Development/Rheolab/tests/water-sources/client.test.ts"},{"assertionResults":[{"ancestorTitles":["buildAxes — right-axis title surfacing bath temperature","individual-axes mode"],"fullName":"buildAxes — right-axis title surfacing bath temperature individual-axes mode shows \"Температура / Темп. бани (°C)\" when both temperature and bath are on","status":"passed","title":"shows \"Температура / Темп. бани (°C)\" when both temperature and bath are on","duration":2.2121999999999957,"failureMessages":[],"meta":{}},{"ancestorTitles":["buildAxes — right-axis title surfacing bath temperature","individual-axes mode"],"fullName":"buildAxes — right-axis title surfacing bath temperature individual-axes mode shows \"Темп. бани (°C)\" when only bath is on","status":"passed","title":"shows \"Темп. бани (°C)\" when only bath is on","duration":0.28480000000001837,"failureMessages":[],"meta":{}},{"ancestorTitles":["buildAxes — right-axis title surfacing bath temperature","individual-axes mode"],"fullName":"buildAxes — right-axis title surfacing bath temperature individual-axes mode shows \"Температура (°C)\" when only sample temperature is on","status":"passed","title":"shows \"Температура (°C)\" when only sample temperature is on","duration":0.17409999999995307,"failureMessages":[],"meta":{}},{"ancestorTitles":["buildAxes — right-axis title surfacing bath temperature","individual-axes mode"],"fullName":"buildAxes — right-axis title surfacing bath temperature individual-axes mode hides the temperature axis when neither is on","status":"passed","title":"hides the temperature axis when neither is on","duration":0.16870000000000118,"failureMessages":[],"meta":{}},{"ancestorTitles":["buildAxes — right-axis title surfacing bath temperature","shared-axes mode"],"fullName":"buildAxes — right-axis title surfacing bath temperature shared-axes mode includes \"Темп. бани\" in the right-axis label when only bath is on","status":"passed","title":"includes \"Темп. бани\" in the right-axis label when only bath is on","duration":0.30979999999999563,"failureMessages":[],"meta":{}},{"ancestorTitles":["buildAxes — right-axis title surfacing bath temperature","shared-axes mode"],"fullName":"buildAxes — right-axis title surfacing bath temperature shared-axes mode includes combined label when both temperature and bath are on","status":"passed","title":"includes combined label when both temperature and bath are on","duration":0.165300000000002,"failureMessages":[],"meta":{}},{"ancestorTitles":["buildAxes — right-axis title surfacing bath temperature","shared-axes mode"],"fullName":"buildAxes — right-axis title surfacing bath temperature shared-axes mode shows only \"Температура\" when bath is off","status":"passed","title":"shows only \"Температура\" when bath is off","duration":0.22829999999999018,"failureMessages":[],"meta":{}},{"ancestorTitles":["buildAxes — right-axis title surfacing bath temperature","shared-axes mode"],"fullName":"buildAxes — right-axis title surfacing bath temperature shared-axes mode hides the right axis when both temperature and bath are off","status":"passed","title":"hides the right axis when both temperature and bath are off","duration":0.16579999999999018,"failureMessages":[],"meta":{}}],"startTime":1777125197960,"endTime":1777125197964.2283,"status":"passed","message":"","name":"D:/Development/Rheolab/tests/hooks/chart-options/build-axes-series.test.ts"},{"assertionResults":[{"ancestorTitles":["formatTimeTick","'seconds' format"],"fullName":"formatTimeTick 'seconds' format returns rounded integer seconds","status":"passed","title":"returns rounded integer seconds","duration":2.205699999999979,"failureMessages":[],"meta":{}},{"ancestorTitles":["formatTimeTick","'hh:mm:ss' format"],"fullName":"formatTimeTick 'hh:mm:ss' format returns HH:MM:SS with full precision when no incr is supplied","status":"passed","title":"returns HH:MM:SS with full precision when no incr is supplied","duration":0.5133999999999901,"failureMessages":[],"meta":{}},{"ancestorTitles":["formatTimeTick","'hh:mm:ss' format"],"fullName":"formatTimeTick 'hh:mm:ss' format drops the seconds component when the tick step is a whole minute","status":"passed","title":"drops the seconds component when the tick step is a whole minute","duration":0.36290000000002465,"failureMessages":[],"meta":{}},{"ancestorTitles":["formatTimeTick","'hh:mm:ss' format"],"fullName":"formatTimeTick 'hh:mm:ss' format keeps seconds when the tick step is sub-minute","status":"passed","title":"keeps seconds when the tick step is sub-minute","duration":0.2571999999999548,"failureMessages":[],"meta":{}},{"ancestorTitles":["formatTimeTick","'hh:mm:ss' format"],"fullName":"formatTimeTick 'hh:mm:ss' format keeps seconds when the tick step is a non-integer minute (e.g. 1.5 min)","status":"passed","title":"keeps seconds when the tick step is a non-integer minute (e.g. 1.5 min)","duration":0.1998999999999569,"failureMessages":[],"meta":{}},{"ancestorTitles":["formatTimeTick","'minutes' format"],"fullName":"formatTimeTick 'minutes' format strips trailing .0 on whole-minute ticks","status":"passed","title":"strips trailing .0 on whole-minute ticks","duration":0.22810000000004038,"failureMessages":[],"meta":{}},{"ancestorTitles":["formatTimeTick","'minutes' format"],"fullName":"formatTimeTick 'minutes' format keeps one decimal for non-integer minute values","status":"passed","title":"keeps one decimal for non-integer minute values","duration":0.2137000000000171,"failureMessages":[],"meta":{}},{"ancestorTitles":["TIME_AXIS_INCRS_MINUTES"],"fullName":"TIME_AXIS_INCRS_MINUTES is strictly increasing","status":"passed","title":"is strictly increasing","duration":0.9442000000000235,"failureMessages":[],"meta":{}},{"ancestorTitles":["TIME_AXIS_INCRS_MINUTES"],"fullName":"TIME_AXIS_INCRS_MINUTES includes standard wall-clock steps in minutes","status":"passed","title":"includes standard wall-clock steps in minutes","duration":1.8383999999999787,"failureMessages":[],"meta":{}},{"ancestorTitles":["TIME_AXIS_INCRS_MINUTES"],"fullName":"TIME_AXIS_INCRS_MINUTES excludes the awkward 2.5-minute step that uPlot picks by default","status":"passed","title":"excludes the awkward 2.5-minute step that uPlot picks by default","duration":0.5430000000000064,"failureMessages":[],"meta":{}},{"ancestorTitles":["applyTimeAxisOptions"],"fullName":"applyTimeAxisOptions sets space to TIME_AXIS_MIN_SPACE_PX (≥ 80 px for HH:MM:SS labels)","status":"passed","title":"sets space to TIME_AXIS_MIN_SPACE_PX (≥ 80 px for HH:MM:SS labels)","duration":0.3265999999999849,"failureMessages":[],"meta":{}},{"ancestorTitles":["applyTimeAxisOptions"],"fullName":"applyTimeAxisOptions wires our round incrs array","status":"passed","title":"wires our round incrs array","duration":0.9228999999999701,"failureMessages":[],"meta":{}},{"ancestorTitles":["applyTimeAxisOptions"],"fullName":"applyTimeAxisOptions preserves caller-supplied axis properties","status":"passed","title":"preserves caller-supplied axis properties","duration":0.2991999999999848,"failureMessages":[],"meta":{}},{"ancestorTitles":["applyTimeAxisOptions"],"fullName":"applyTimeAxisOptions installs a values callback that routes through formatTimeTick with foundIncr","status":"passed","title":"installs a values callback that routes through formatTimeTick with foundIncr","duration":0.39549999999997,"failureMessages":[],"meta":{}}],"startTime":1777125196616,"endTime":1777125196626.3955,"status":"passed","message":"","name":"D:/Development/Rheolab/tests/hooks/chart-options/time-format.test.ts"}]}