{"numTotalTestSuites":3,"numPassedTestSuites":3,"numFailedTestSuites":0,"numPendingTestSuites":0,"numTotalTests":3,"numPassedTests":3,"numFailedTests":0,"numPendingTests":0,"numTodoTests":0,"snapshot":{"added":0,"failure":false,"filesAdded":0,"filesRemoved":0,"filesRemovedList":[],"filesUnmatched":0,"filesUpdated":0,"matched":0,"total":0,"unchecked":0,"uncheckedKeysByFile":[],"unmatched":0,"updated":0,"didUpdate":false},"startTime":1777152631261,"success":true,"testResults":[{"assertionResults":[{"ancestorTitles":["UI-018 PERF — Dashboard tab navigation"],"fullName":"UI-018 PERF — Dashboard tab navigation full sweep (chart → table → recipe → water → report) with bounded renders","status":"passed","title":"full sweep (chart → table → recipe → water → report) with bounded renders","duration":1367.799,"failureMessages":[],"meta":{}},{"ancestorTitles":["UI-018 PERF — Dashboard tab navigation"],"fullName":"UI-018 PERF — Dashboard tab navigation re-clicking the active report tab does not multiply renders","status":"passed","title":"re-clicking the active report tab does not multiply renders","duration":16.58179999999993,"failureMessages":[],"meta":{}},{"ancestorTitles":["UI-018 PERF — viscosity unit change propagation"],"fullName":"UI-018 PERF — viscosity unit change propagation changing chartSettings.lines.viscosity.unit re-renders cycle-results-table exactly once","status":"passed","title":"changing chartSettings.lines.viscosity.unit re-renders cycle-results-table exactly once","duration":13.945000000000164,"failureMessages":[],"meta":{}}],"startTime":1777152632524,"endTime":1777152633922.945,"status":"passed","message":"","name":"D:/Development/Rheolab/tests/performance/dashboard-tabs-perf.test.tsx"}]}