{"numTotalTestSuites":3,"numPassedTestSuites":1,"numFailedTestSuites":2,"numPendingTestSuites":0,"numTotalTests":3,"numPassedTests":2,"numFailedTests":1,"numPendingTests":0,"numTodoTests":0,"snapshot":{"added":0,"failure":false,"filesAdded":0,"filesRemoved":0,"filesRemovedList":[],"filesUnmatched":0,"filesUpdated":0,"matched":0,"total":0,"unchecked":0,"uncheckedKeysByFile":[],"unmatched":0,"updated":0,"didUpdate":false},"startTime":1777152573569,"success":false,"testResults":[{"assertionResults":[{"ancestorTitles":["UI-018 PERF — Dashboard tab navigation"],"fullName":"UI-018 PERF — Dashboard tab navigation full sweep (chart → table → recipe → water → report) with bounded renders","status":"failed","title":"full sweep (chart → table → recipe → water → report) with bounded renders","duration":50.20749999999998,"failureMessages":["TestingLibraryElementError: Unable to find an element by: [data-testid=\"MockRawDataTable\"]\n\nIgnored nodes: comments, script, style\n\u001b[36m<body>\u001b[39m\n  \u001b[36m<div>\u001b[39m\n    \u001b[36m<div\u001b[39m\n      \u001b[33mclass\u001b[39m=\u001b[32m\"space-y-6\"\u001b[39m\n    \u001b[36m>\u001b[39m\n      \u001b[36m<section>\u001b[39m\n        \u001b[36m<div\u001b[39m\n          \u001b[33mclass\u001b[39m=\u001b[32m\"space-y-4\"\u001b[39m\n        \u001b[36m/>\u001b[39m\n      \u001b[36m</section>\u001b[39m\n      \u001b[36m<div\u001b[39m\n        \u001b[33maria-label\u001b[39m=\u001b[32m\"Режим отображения\"\u001b[39m\n        \u001b[33mclass\u001b[39m=\u001b[32m\"flex gap-2 flex-wrap items-center\"\u001b[39m\n        \u001b[33mrole\u001b[39m=\u001b[32m\"tablist\"\u001b[39m\n      \u001b[36m>\u001b[39m\n        \u001b[36m<button\u001b[39m\n          \u001b[33maria-selected\u001b[39m=\u001b[32m\"false\"\u001b[39m\n          \u001b[33mclass\u001b[39m=\u001b[32m\"flex items-center gap-2 px-4 py-2 rounded-lg font-medium transition-colors bg-secondary text-muted-foreground hover:text-foreground\"\u001b[39m\n          \u001b[33mdata-testid\u001b[39m=\u001b[32m\"ChartTabButton\"\u001b[39m\n          \u001b[33mrole\u001b[39m=\u001b[32m\"tab\"\u001b[39m\n        \u001b[36m>\u001b[39m\n          \u001b[36m<svg\u001b[39m\n            \u001b[33maria-hidden\u001b[39m=\u001b[32m\"true\"\u001b[39m\n            \u001b[33mclass\u001b[39m=\u001b[32m\"lucide lucide-chart-column w-4 h-4\"\u001b[39m\n            \u001b[33mfill\u001b[39m=\u001b[32m\"none\"\u001b[39m\n            \u001b[33mheight\u001b[39m=\u001b[32m\"24\"\u001b[39m\n            \u001b[33mstroke\u001b[39m=\u001b[32m\"currentColor\"\u001b[39m\n            \u001b[33mstroke-linecap\u001b[39m=\u001b[32m\"round\"\u001b[39m\n            \u001b[33mstroke-linejoin\u001b[39m=\u001b[32m\"round\"\u001b[39m\n            \u001b[33mstroke-width\u001b[39m=\u001b[32m\"2\"\u001b[39m\n            \u001b[33mviewBox\u001b[39m=\u001b[32m\"0 0 24 24\"\u001b[39m\n            \u001b[33mwidth\u001b[39m=\u001b[32m\"24\"\u001b[39m\n            \u001b[33mxmlns\u001b[39m=\u001b[32m\"http://www.w3.org/2000/svg\"\u001b[39m\n          \u001b[36m>\u001b[39m\n            \u001b[36m<path\u001b[39m\n              \u001b[33md\u001b[39m=\u001b[32m\"M3 3v16a2 2 0 0 0 2 2h16\"\u001b[39m\n            \u001b[36m/>\u001b[39m\n            \u001b[36m<path\u001b[39m\n              \u001b[33md\u001b[39m=\u001b[32m\"M18 17V9\"\u001b[39m\n            \u001b[36m/>\u001b[39m\n            \u001b[36m<path\u001b[39m\n              \u001b[33md\u001b[39m=\u001b[32m\"M13 17V5\"\u001b[39m\n            \u001b[36m/>\u001b[39m\n            \u001b[36m<path\u001b[39m\n              \u001b[33md\u001b[39m=\u001b[32m\"M8 17v-3\"\u001b[39m\n            \u001b[36m/>\u001b[39m\n          \u001b[36m</svg>\u001b[39m\n          \u001b[0mГрафик\u001b[0m\n        \u001b[36m</button>\u001b[39m\n        \u001b[36m<button\u001b[39m\n          \u001b[33maria-selected\u001b[39m=\u001b[32m\"true\"\u001b[39m\n          \u001b[33mclass\u001b[39m=\u001b[32m\"flex items-center gap-2 px-4 py-2 rounded-lg font-medium transition-colors bg-blue-600 text-foreground\"\u001b[39m\n          \u001b[33mdata-testid\u001b[39m=\u001b[32m\"TableTabButton\"\u001b[39m\n          \u001b[33mrole\u001b[39m=\u001b[32m\"tab\"\u001b[39m\n        \u001b[36m>\u001b[39m\n          \u001b[36m<svg\u001b[39m\n            \u001b[33maria-hidden\u001b[39m=\u001b[32m\"true\"\u001b[39m\n            \u001b[33mclass\u001b[39m=\u001b[32m\"lucide lucide-table w-4 h-4\"\u001b[39m\n            \u001b[33mfill\u001b[39m=\u001b[32m\"none\"\u001b[39m\n            \u001b[33mheight\u001b[39m=\u001b[32m\"24\"\u001b[39m\n            \u001b[33mstroke\u001b[39m=\u001b[32m\"currentColor\"\u001b[39m\n            \u001b[33mstroke-linecap\u001b[39m=\u001b[32m\"round\"\u001b[39m\n            \u001b[33mstroke-linejoin\u001b[39m=\u001b[32m\"round\"\u001b[39m\n            \u001b[33mstroke-width\u001b[39m=\u001b[32m\"2\"\u001b[39m\n            \u001b[33mviewBox\u001b[39m=\u001b[32m\"0 0 24 24\"\u001b[39m\n            \u001b[33mwidth\u001b[39m=\u001b[32m\"24\"\u001b[39m\n            \u001b[33mxmlns\u001b[39m=\u001b[32m\"http://www.w3.org/2000/svg\"\u001b[39m\n          \u001b[36m>\u001b[39m\n            \u001b[36m<path\u001b[39m\n              \u001b[33md\u001b[39m=\u001b[32m\"M12 3v18\"\u001b[39m\n            \u001b[36m/>\u001b[39m\n            \u001b[36m<rect\u001b[39m\n              \u001b[33mheight\u001b[39m=\u001b[32m\"18\"\u001b[39m\n              \u001b[33mrx\u001b[39m=\u001b[32m\"2\"\u001b[39m\n              \u001b[33mwidth\u001b[39m=\u001b[32m\"18\"\u001b[39m\n              \u001b[33mx\u001b[39m=\u001b[32m\"3\"\u001b[39m\n              \u001b[33my\u001b[39m=\u001b[32m\"3\"\u001b[39m\n            \u001b[36m/>\u001b[39m\n            \u001b[36m<path\u001b[39m\n              \u001b[33md\u001b[39m=\u001b[32m\"M3 9h18\"\u001b[39m\n            \u001b[36m/>\u001b[39m\n            \u001b[36m<path\u001b[39m\n              \u001b[33md\u001b[39m=\u001b[32m\"M3 15h18\"\u001b[39m\n            \u001b[36m/>\u001b[39m\n          \u001b[36m</svg>\u001b[39m\n          \u001b[0mТаблица данных\u001b[0m\n        \u001b[36m</button>\u001b[39m\n        \u001b[36m<button\u001b[39m\n          \u001b[33maria-selected\u001b[39m=\u001b[32m\"false\"\u001b[39m\n          \u001b[33mclass\u001b[39m=\u001b[32m\"flex items-center gap-2 px-4 py-2 rounded-lg font-medium transition-colors bg-secondary text-muted-foreground hover:text-foreground\"\u001b[39m\n          \u001b[33mdata-testid\u001b[39m=\u001b[32m\"RecipeTabButton\"\u001b[39m\n          \u001b[33mrole\u001b[39m=\u001b[32m\"tab\"\u001b[39m\n        \u001b[36m>\u001b[39m\n          \u001b[36m<div />\u001b[39m\n          \u001b[0mРецептура\u001b[0m\n        \u001b[36m</button>\u001b[39m\n        \u001b[36m<button\u001b[39m\n          \u001b[33maria-selected\u001b[39m=\u001b[32m\"false\"\u001b[39m\n          \u001b[33mclass\u001b[39m=\u001b[32m\"flex items-center gap-2 px-4 py-2 rounded-lg font-medium transition-colors bg-secondary text-muted-foreground hover:text-foreground\"\u001b[39m\n          \u001b[33mdata-testid\u001b[39m=\u001b[32m\"WaterTabButton\"\u001b[39m\n          \u001b[33mrole\u001b[39m=\u001b[32m\"tab\"\u001b[39m\n        \u001b[36m>\u001b[39m\n          \u001b[36m<svg\u001b[39m\n            \u001b[33maria-hidden\u001b[39m=\u001b[32m\"true\"\u001b[39m\n            \u001b[33mclass\u001b[39m=\u001b[32m\"lucide lucide-droplets w-4 h-4\"\u001b[39m\n            \u001b[33mfill\u001b[39m=\u001b[32m\"none\"\u001b[39m\n            \u001b[33mheight\u001b[39m=\u001b[32m\"24\"\u001b[39m\n            \u001b[33mstroke\u001b[39m=\u001b[32m\"currentColor\"\u001b[39m\n            \u001b[33mstroke-linecap\u001b[39m=\u001b[32m\"round\"\u001b[39m\n            \u001b[33mstroke-linejoin\u001b[39m=\u001b[32m\"round\"\u001b[39m\n            \u001b[33mstroke-width\u001b[39m=\u001b[32m\"2\"\u001b[39m\n            \u001b[33mviewBox\u001b[39m=\u001b[32m\"0 0 24 24\"\u001b[39m\n            \u001b[33mwidth\u001b[39m=\u001b[32m\"24\"\u001b[39m\n            \u001b[33mxmlns\u001b[39m=\u001b[32m\"http://www.w3.org/2000/svg\"\u001b[39m\n          \u001b[36m>\u001b[39m\n            \u001b[36m<path\u001b[39m\n              \u001b[33md\u001b[39m=\u001b[32m\"M7 16.3c2.2 0 4-1.83 4-4.05 0-1.16-.57-2.26-1.71-3.19S7.29 6.75 7 5.3c-.29 1.45-1.14 2.84-2.29 3.76S3 11.1 3 12.25c0 2.22 1.8 4.05 4 4.05z\"\u001b[39m\n            \u001b[36m/>\u001b[39m\n            \u001b[36m<path\u001b[39m\n              \u001b[33md\u001b[39m=\u001b[32m\"M12.56 6.6A10.97 10.97 0 0 0 14 3.02c.5 2.5 2 4.9 4 6.5s3 3.5 3 5.5a6.98 6.98 0 0 1-11.91 4.97\"\u001b[39m\n            \u001b[36m/>\u001b[39m\n          \u001b[36m</svg>\u001b[39m\n          \u001b[0mАнализ воды\u001b[0m\n        \u001b[36m</button>\u001b[39m\n        \u001b[36m<button\u001b[39m\n          \u001b[33maria-selected\u001b[39m=\u001b[32m\"false\"\u001b[39m\n          \u001b[33mclass\u001b[39m=\u001b[32m\"flex items-center gap-2 px-4 py-2 rounded-lg font-medium transition-colors bg-secondary text-muted-foreground hover:text-foreground hidden\"\u001b[39m\n          \u001b[33mdata-testid\u001b[39m=\u001b[32m\"CalibrationTabButton\"\u001b[39m\n          \u001b[33mdisabled\u001b[39m=\u001b[32m\"\"\u001b[39m\n          \u001b[33mrole\u001b[39m=\u001b[32m\"tab\"\u001b[39m\n        \u001b[36m>\u001b[39m\n          \u001b[36m<svg\u001b[39m\n            \u001b[33maria-hidden\u001b[39m=\u001b[32m\"true\"\u001b[39m\n            \u001b[33mclass\u001b[39m=\u001b[32m\"lucide lucide-settings w-4 h-4\"\u001b[39m\n            \u001b[33mfill\u001b[39m=\u001b[32m\"none\"\u001b[39m\n            \u001b[33mheight\u001b[39m=\u001b[32m\"24\"\u001b[39m\n            \u001b[33mstroke\u001b[39m=\u001b[32m\"currentColor\"\u001b[39m\n            \u001b[33mstroke-linecap\u001b[39m=\u001b[32m\"round\"\u001b[39m\n            \u001b[33mstroke-linejoin\u001b[39m=\u001b[32m\"round\"\u001b[39m\n            \u001b[33mstroke-width\u001b[39m=\u001b[32m\"2\"\u001b[39m\n            \u001b[33mviewBox\u001b[39m=\u001b[32m\"0 0 24 24\"\u001b[39m\n            \u001b[33mwidth\u001b[39m=\u001b[32m\"24\"\u001b[39m\n            \u001b[33mxmlns\u001b[39m=\u001b[32m\"http://www.w3.org/2000/svg\"\u001b[39m\n          \u001b[36m>\u001b[39m\n            \u001b[36m<path\u001b[39m\n              \u001b[33md\u001b[39m=\u001b[32m\"M9.671 4.136a2.34 2.34 0 0 1 4.659 0 2.34 2.34 0 0 0 3.319 1.915 2.34 2.34 0 0 1 2.33 4.033 2.34 2.34 0 0 0 0 3.831 2.34 2.34 0 0 1-2.33 4.033 2.34 2.34 0 0 0-3.319 1.915 2.34 2.34 0 0 1-4.659 0 2.34 2.34 0 0 0-3.32-1.915 2.34 2.34 0 0 1-2.33-4.033 2.34 2.34 0 0 0 0-3.831A2.34 2.34 0 0 1 6.35 6.051a2.34 2.34 0 0 0 3.319-1.915\"\u001b[39m\n            \u001b[36m/>\u001b[39m\n            \u001b[36m<circle\u001b[39m\n              \u001b[33mcx\u001b[39m=\u001b[32m\"12\"\u001b[39m\n              \u001b[33mcy\u001b[39m=\u001b[32m\"12\"\u001b[39m\n              \u001b[33mr\u001b[39m=\u001b[32m\"3\"\u001b[39m\n            \u001b[36m/>\u001b[39m\n          \u001b[36m</svg>\u001b[39m\n          \u001b[0mКалибровка\u001b[0m\n        \u001b[36m</button>\u001b[39m\n        \u001b[36m<button\u001b[39m\n          \u001b[33maria-selected\u001b[39m=\u001b[32m\"false\"\u001b[39m\n          \u001b[33mclass\u001b[39m=\u001b[32m\"flex items-center gap-2 px-4 py-2 rounded-lg font-medium transition-colors bg-secondary text-muted-foreground hover:text-foreground\"\u001b[39m\n          \u001b[33mdata-testid\u001b[39m=\u001b[32m\"ReportTabButton\"\u001b[39m\n          \u001b[33mrole\u001b[39m=\u001b[32m\"tab\"\u001b[39m\n        \u001b[36m>\u001b[39m\n          \u001b[36m<svg\u001b[39m\n            \u001b[33maria-hidden\u001b[39m=\u001b[32m\"true\"\u001b[39m\n            \u001b[33mclass\u001b[39m=\u001b[32m\"lucide lucide-file-text w-4 h-4\"\u001b[39m\n            \u001b[33mfill\u001b[39m=\u001b[32m\"none\"\u001b[39m\n            \u001b[33mheight\u001b[39m=\u001b[32m\"24\"\u001b[39m\n            \u001b[33mstroke\u001b[39m=\u001b[32m\"currentColor\"\u001b[39m\n            \u001b[33mstroke-linecap\u001b[39m=\u001b[32m\"round\"\u001b[39m\n            \u001b[33mstroke-linejoin\u001b[39m=\u001b[32m\"round\"\u001b[39m\n            \u001b[33mstroke-width\u001b[39m=\u001b[32m\"2\"\u001b[39m\n            \u001b[33mviewBox\u001b[39m=\u001b[32m\"0 0 24 24\"\u001b[39m\n            \u001b[33mwidth\u001b[39m=\u001b[32m\"24\"\u001b[39m\n            \u001b[33mxmlns\u001b[39m=\u001b[32m\"http://www.w3.org/2000/svg\"\u001b[39m\n          \u001b[36m>\u001b[39m\n            \u001b[36m<path\u001b[39m\n              \u001b[33md\u001b[39m=\u001b[32m\"M6 22a2 2 0 0 1-2-2V4a2 2 0 0 1 2-2h8a2.4 2.4 0 0 1 1.704.706l3.588 3.588A2.4 2.4 0 0 1 20 8v12a2 2 0 0 1-2 2z\"\u001b[39m\n            \u001b[36m/>\u001b[39m\n            \u001b[36m<path\u001b[39m\n              \u001b[33md\u001b[39m=\u001b[32m\"M14 2v5a1 1 0 0 0 1 1h5\"\u001b[39m\n            \u001b[36m/>\u001b[39m\n            \u001b[36m<path\u001b[39m\n              \u001b[33md\u001b[39m=\u001b[32m\"M10 9H8\"\u001b[39m\n            \u001b[36m/>\u001b[39m\n            \u001b[36m<path\u001b[39m\n              \u001b[33md\u001b[39m=\u001b[32m\"M16 13H8\"\u001b[39m\n            \u001b[36m/>\u001b[39m\n            \u001b[36m<path\u001b[39m\n              \u001b[33md\u001b[39m=\u001b[32m\"M16 17H8\"\u001b[39m\n            \u001b[36m/>\u001b[39m\n          \u001b[36m</svg>\u001b[39m\n          \u001b[0mОтчёт\u001b[0m\n        \u001b[36m</button>\u001b[39m\n        \u001b[36m<button\u001b[39m\n          \u001b[33mclass\u001b[39m=\u001b[32m\"flex items-center gap-2 px-4 py-2 bg-green-600 hover:bg-green-500 text-foreground rounded-lg font-medium transition-colors ml-auto shadow-lg shadow-green-900/20\"\u001b[39m\n          \u001b[33mdata-testid\u001b[39m=\u001b[32m\"SaveExperimentButton\"\u001b[39m\n        \u001b[36m>\u001b[39m\n          \u001b[36m<svg\u001b[39m\n            \u001b[33maria-hidden\u001b[39m=\u001b[32m\"true\"\u001b[39m\n            \u001b[33mclass\u001b[39m=\u001b[32m\"lucide lucide-save w-4 h-4\"\u001b[39m\n            \u001b[33mfill\u001b[39m=\u001b[32m\"none\"\u001b[39m\n            \u001b[33mheight\u001b[39m=\u001b[32m\"24\"\u001b[39m\n            \u001b[33mstroke\u001b[39m=\u001b[32m\"currentColor\"\u001b[39m\n            \u001b[33mstroke-linecap\u001b[39m=\u001b[32m\"round\"\u001b[39m\n            \u001b[33mstroke-linejoin\u001b[39m=\u001b[32m\"round\"\u001b[39m\n            \u001b[33mstroke-width\u001b[39m=\u001b[32m\"2\"\u001b[39m\n            \u001b[33mviewBox\u001b[39m=\u001b[32m\"0 0 24 24\"\u001b[39m\n            \u001b[33mwidth\u001b[39m=\u001b[32m\"24\"\u001b[39m\n            \u001b[33mxmlns\u001b[39m=\u001b[32m\"http://www.w3.org/2000/svg\"\u001b[39m\n          \u001b[36m>\u001b[39m\n            \u001b[36m<path\u001b[39m\n              \u001b[33md\u001b[39m=\u001b[32m\"M15.2 3a2 2 0 0 1 1.4.6l3.8 3.8a2 2 0 0 1 .6 1.4V19a2 2 0 0 1-2 2H5a2 2 0 0 1-2-2V5a2 2 0 0 1 2-2z\"\u001b[39m\n            \u001b[36m/>\u001b[39m\n            \u001b[36m<path\u001b[39m\n              \u001b[33md\u001b[39m=\u001b[32m\"M17 21v-7a1 1 0 0 0-1-1H8a1 1 0 0 0-1 1v7\"\u001b[39m\n            \u001b[36m/>\u001b[39m\n            \u001b[36m<path\u001b[39m\n              \u001b[33md\u001b[39m=\u001b[32m\"M7 3v4a1 1 0 0 0 1 1h7\"\u001b[39m\n            \u001b[36m/>\u001b[39m\n          \u001b[36m</svg>\u001b[39m\n          \u001b[0mСохранить\u001b[0m\n        \u001b[36m</button>\u001b[39m\n      \u001b[36m</div>\u001b[39m\n      \u001b[36m<section\u001b[39m\n        \u001b[33mclass\u001b[39m=\u001b[32m\"bg-card rounded-xl border border-border overflow-hidden\"\u001b[39m\n      \u001b[36m>\u001b[39m\n        \u001b[36m<div\u001b[39m\n          \u001b[33mclass\u001b[39m=\u001b[32m\"flex h-48 items-center justify-center\"\u001b[39m\n        \u001b[36m>\u001b[39m\n          \u001b[36m<div\u001b[39m\n            \u001b[33mclass\u001b[39m=\u001b[32m\"h-6 w-6 animate-spin rounded-full border-2 border-muted-foreground border-t-transparent\"\u001b[39m\n          \u001b[36m/>\u001b[39m\n        \u001b[36m</div>\u001b[39m\n      \u001b[36m</section>\u001b[39m\n    \u001b[36m</div>\u001b[39m\n  \u001b[36m</div>\u001b[39m\n\u001b[36m</body>\u001b[39m\n    at Object.getElementError (D:\\Development\\Rheolab\\node_modules\\@testing-library\\dom\\dist\\config.js:37:19)\n    at D:\\Development\\Rheolab\\node_modules\\@testing-library\\dom\\dist\\query-helpers.js:76:38\n    at D:\\Development\\Rheolab\\node_modules\\@testing-library\\dom\\dist\\query-helpers.js:52:17\n    at D:\\Development\\Rheolab\\node_modules\\@testing-library\\dom\\dist\\query-helpers.js:95:19\n    at D:/Development/Rheolab/tests/performance/dashboard-tabs-perf.test.tsx:177:23\n    at file:///D:/Development/Rheolab/node_modules/@vitest/runner/dist/index.js:145:11\n    at file:///D:/Development/Rheolab/node_modules/@vitest/runner/dist/index.js:915:26\n    at file:///D:/Development/Rheolab/node_modules/@vitest/runner/dist/index.js:1243:20\n    at new Promise (<anonymous>)\n    at runWithTimeout (file:///D:/Development/Rheolab/node_modules/@vitest/runner/dist/index.js:1209:10)"],"meta":{}},{"ancestorTitles":["UI-018 PERF — Dashboard tab navigation"],"fullName":"UI-018 PERF — Dashboard tab navigation re-clicking the active report tab does not multiply renders","status":"passed","title":"re-clicking the active report tab does not multiply renders","duration":11.035300000000007,"failureMessages":[],"meta":{}},{"ancestorTitles":["UI-018 PERF — viscosity unit change propagation"],"fullName":"UI-018 PERF — viscosity unit change propagation changing chartSettings.lines.viscosity.unit re-renders cycle-results-table exactly once","status":"passed","title":"changing chartSettings.lines.viscosity.unit re-renders cycle-results-table exactly once","duration":13.050500000000056,"failureMessages":[],"meta":{}}],"startTime":1777152574819,"endTime":1777152574893.0505,"status":"failed","message":"","name":"D:/Development/Rheolab/tests/performance/dashboard-tabs-perf.test.tsx"}]}