{"numTotalTestSuites":2,"numPassedTestSuites":2,"numFailedTestSuites":0,"numPendingTestSuites":0,"numTotalTests":18,"numPassedTests":18,"numFailedTests":0,"numPendingTests":0,"numTodoTests":0,"snapshot":{"added":0,"failure":false,"filesAdded":0,"filesRemoved":0,"filesRemovedList":[],"filesUnmatched":0,"filesUpdated":0,"matched":0,"total":0,"unchecked":0,"uncheckedKeysByFile":[],"unmatched":0,"updated":0,"didUpdate":false},"startTime":1777152631260,"success":true,"testResults":[{"assertionResults":[{"ancestorTitles":["ExperimentFilters — touch-point section"],"fullName":"ExperimentFilters — touch-point section renders the touch-point section with threshold selector and disclaimer","status":"passed","title":"renders the touch-point section with threshold selector and disclaimer","duration":206.77019999999993,"failureMessages":[],"meta":{}},{"ancestorTitles":["ExperimentFilters — touch-point section"],"fullName":"ExperimentFilters — touch-point section touch-point subfilters are hidden by default (threshold OFF)","status":"passed","title":"touch-point subfilters are hidden by default (threshold OFF)","duration":147.02869999999984,"failureMessages":[],"meta":{}},{"ancestorTitles":["ExperimentFilters — touch-point section"],"fullName":"ExperimentFilters — touch-point section \"выкл\" pill is visible and aria-pressed by default","status":"passed","title":"\"выкл\" pill is visible and aria-pressed by default","duration":98.02530000000002,"failureMessages":[],"meta":{}},{"ancestorTitles":["ExperimentFilters — touch-point section"],"fullName":"ExperimentFilters — touch-point section selecting a threshold reveals the subfilter block","status":"passed","title":"selecting a threshold reveals the subfilter block","duration":109.23939999999993,"failureMessages":[],"meta":{}},{"ancestorTitles":["ExperimentFilters — touch-point section"],"fullName":"ExperimentFilters — touch-point section clicking \"выкл\" clears every touch-point subfilter value","status":"passed","title":"clicking \"выкл\" clears every touch-point subfilter value","duration":49.60149999999999,"failureMessages":[],"meta":{}},{"ancestorTitles":["ExperimentFilters — touch-point section"],"fullName":"ExperimentFilters — touch-point section switching between numeric thresholds preserves subfilter values","status":"passed","title":"switching between numeric thresholds preserves subfilter values","duration":45.81819999999993,"failureMessages":[],"meta":{}},{"ancestorTitles":["ExperimentFilters — touch-point section"],"fullName":"ExperimentFilters — touch-point section hasCrossing toggle reflects the current filter value","status":"passed","title":"hasCrossing toggle reflects the current filter value","duration":107.68450000000007,"failureMessages":[],"meta":{}},{"ancestorTitles":["ExperimentFilters — touch-point section"],"fullName":"ExperimentFilters — touch-point section hasCrossing toggle flips between OFF and ON on click","status":"passed","title":"hasCrossing toggle flips between OFF and ON on click","duration":50.12890000000016,"failureMessages":[],"meta":{}},{"ancestorTitles":["ExperimentFilters — touch-point section"],"fullName":"ExperimentFilters — touch-point section selecting a threshold from OFF auto-activates hasCrossing","status":"passed","title":"selecting a threshold from OFF auto-activates hasCrossing","duration":36.27189999999996,"failureMessages":[],"meta":{}},{"ancestorTitles":["ExperimentFilters — touch-point section"],"fullName":"ExperimentFilters — touch-point section changing threshold-to-threshold preserves hasCrossing state","status":"passed","title":"changing threshold-to-threshold preserves hasCrossing state","duration":45.0342999999998,"failureMessages":[],"meta":{}},{"ancestorTitles":["ExperimentFilters — touch-point section"],"fullName":"ExperimentFilters — touch-point section crossing-time range inputs propagate into FilterState","status":"passed","title":"crossing-time range inputs propagate into FilterState","duration":37.60680000000002,"failureMessages":[],"meta":{}},{"ancestorTitles":["ExperimentFilters — touch-point section"],"fullName":"ExperimentFilters — touch-point section viscosity threshold presets propagate into FilterState","status":"passed","title":"viscosity threshold presets propagate into FilterState","duration":42.98480000000018,"failureMessages":[],"meta":{}},{"ancestorTitles":["ExperimentFilters — touch-point section"],"fullName":"ExperimentFilters — touch-point section viscosity threshold custom input propagates into FilterState on blur","status":"passed","title":"viscosity threshold custom input propagates into FilterState on blur","duration":42.63940000000002,"failureMessages":[],"meta":{}},{"ancestorTitles":["ExperimentFilters — touch-point section"],"fullName":"ExperimentFilters — touch-point section hasCrossing toggle label reflects the active threshold","status":"passed","title":"hasCrossing toggle label reflects the active threshold","duration":107.08640000000014,"failureMessages":[],"meta":{}},{"ancestorTitles":["ExperimentFilters — touch-point section"],"fullName":"ExperimentFilters — touch-point section viscosity-at-target range inputs propagate into FilterState","status":"passed","title":"viscosity-at-target range inputs propagate into FilterState","duration":94.32789999999977,"failureMessages":[],"meta":{}},{"ancestorTitles":["ExperimentFilters — touch-point section"],"fullName":"ExperimentFilters — touch-point section \"Clear All\" resets every touch-point field to its empty value","status":"passed","title":"\"Clear All\" resets every touch-point field to its empty value","duration":105.41859999999997,"failureMessages":[],"meta":{}},{"ancestorTitles":["ExperimentFilters — touch-point section"],"fullName":"ExperimentFilters — touch-point section \"Clear All\" is disabled when no touch-point filter is active and no other filters are set","status":"passed","title":"\"Clear All\" is disabled when no touch-point filter is active and no other filters are set","duration":121.7197000000001,"failureMessages":[],"meta":{}},{"ancestorTitles":["ExperimentFilters — touch-point section"],"fullName":"ExperimentFilters — touch-point section \"Clear All\" is enabled as soon as any touch-point filter becomes active","status":"passed","title":"\"Clear All\" is enabled as soon as any touch-point filter becomes active","duration":41.81280000000015,"failureMessages":[],"meta":{}}],"startTime":1777152632614,"endTime":1777152634103.8127,"status":"passed","message":"","name":"D:/Development/Rheolab/tests/components/experiment-filters-touch-point.test.tsx"}]}